{"c:\\Repos\\nextjs-sanity-tutorial\\.next\\server\\middleware-build-manifest.js":{"path":"c:\\Repos\\nextjs-sanity-tutorial\\.next\\server\\middleware-build-manifest.js","statementMap":{"0":{"start":{"line":1,"column":0},"end":{"line":1,"column":538}}},"fnMap":{},"branchMap":{},"s":{"0":0},"f":{},"b":{},"all":true},"c:\\Repos\\nextjs-sanity-tutorial\\.next\\server\\middleware-react-loadable-manifest.js":{"path":"c:\\Repos\\nextjs-sanity-tutorial\\.next\\server\\middleware-react-loadable-manifest.js","statementMap":{"0":{"start":{"line":1,"column":0},"end":{"line":1,"column":243}}},"fnMap":{},"branchMap":{},"s":{"0":0},"f":{},"b":{},"all":true},"c:\\Repos\\nextjs-sanity-tutorial\\.next\\server\\pages\\_app.js":{"path":"c:\\Repos\\nextjs-sanity-tutorial\\.next\\server\\pages\\_app.js","statementMap":{"0":{"start":{"line":9,"column":0},"end":{"line":90,"column":5}},"1":{"start":{"line":10,"column":14},"end":{"line":10,"column":16}},"2":{"start":{"line":11,"column":0},"end":{"line":11,"column":26}},"3":{"start":{"line":12,"column":0},"end":{"line":12,"column":29}},"4":{"start":{"line":13,"column":0},"end":{"line":80,"column":2}},"5":{"start":{"line":22,"column":0},"end":{"line":22,"column":3152}},"6":{"start":{"line":33,"column":0},"end":{"line":33,"column":4299}},"7":{"start":{"line":54,"column":0},"end":{"line":54,"column":34}},"8":{"start":{"line":65,"column":0},"end":{"line":65,"column":50}},"9":{"start":{"line":76,"column":0},"end":{"line":76,"column":46}},"10":{"start":{"line":84,"column":26},"end":{"line":84,"column":58}},"11":{"start":{"line":85,"column":0},"end":{"line":85,"column":31}},"12":{"start":{"line":86,"column":23},"end":{"line":86,"column":92}},"13":{"start":{"line":86,"column":38},"end":{"line":86,"column":91}},"14":{"start":{"line":87,"column":27},"end":{"line":87,"column":63}},"15":{"start":{"line":88,"column":0},"end":{"line":88,"column":37}}},"fnMap":{"0":{"name":"(anonymous_0)","decl":{"start":{"line":9,"column":1},"end":{"line":9,"column":2}},"loc":{"start":{"line":9,"column":7},"end":{"line":90,"column":1}},"line":9},"1":{"name":"(anonymous_1)","decl":{"start":{"line":19,"column":7},"end":{"line":19,"column":8}},"loc":{"start":{"line":19,"column":78},"end":{"line":24,"column":7}},"line":19},"2":{"name":"(anonymous_2)","decl":{"start":{"line":30,"column":7},"end":{"line":30,"column":8}},"loc":{"start":{"line":30,"column":78},"end":{"line":35,"column":7}},"line":30},"3":{"name":"(anonymous_3)","decl":{"start":{"line":41,"column":7},"end":{"line":41,"column":8}},"loc":{"start":{"line":41,"column":13},"end":{"line":45,"column":7}},"line":41},"4":{"name":"(anonymous_4)","decl":{"start":{"line":51,"column":7},"end":{"line":51,"column":8}},"loc":{"start":{"line":51,"column":19},"end":{"line":56,"column":7}},"line":51},"5":{"name":"(anonymous_5)","decl":{"start":{"line":62,"column":7},"end":{"line":62,"column":8}},"loc":{"start":{"line":62,"column":19},"end":{"line":67,"column":7}},"line":62},"6":{"name":"(anonymous_6)","decl":{"start":{"line":73,"column":7},"end":{"line":73,"column":8}},"loc":{"start":{"line":73,"column":19},"end":{"line":78,"column":7}},"line":73},"7":{"name":"(anonymous_7)","decl":{"start":{"line":86,"column":23},"end":{"line":86,"column":24}},"loc":{"start":{"line":86,"column":38},"end":{"line":86,"column":91}},"line":86}},"branchMap":{},"s":{"0":0,"1":0,"2":0,"3":0,"4":0,"5":0,"6":0,"7":0,"8":0,"9":0,"10":0,"11":0,"12":0,"13":0,"14":0,"15":0},"f":{"0":0,"1":0,"2":0,"3":0,"4":0,"5":0,"6":0,"7":0},"b":{},"all":true},"c:\\Repos\\nextjs-sanity-tutorial\\.next\\server\\pages\\_document.js":{"path":"c:\\Repos\\nextjs-sanity-tutorial\\.next\\server\\pages\\_document.js","statementMap":{"0":{"start":{"line":10,"column":0},"end":{"line":166,"column":5}},"1":{"start":{"line":11,"column":14},"end":{"line":11,"column":16}},"2":{"start":{"line":12,"column":0},"end":{"line":12,"column":31}},"3":{"start":{"line":13,"column":0},"end":{"line":13,"column":34}},"4":{"start":{"line":14,"column":0},"end":{"line":156,"column":2}},"5":{"start":{"line":22,"column":0},"end":{"line":22,"column":21736}},"6":{"start":{"line":32,"column":0},"end":{"line":32,"column":4687}},"7":{"start":{"line":42,"column":0},"end":{"line":42,"column":31439}},"8":{"start":{"line":52,"column":0},"end":{"line":52,"column":127443}},"9":{"start":{"line":62,"column":0},"end":{"line":62,"column":3318}},"10":{"start":{"line":72,"column":0},"end":{"line":72,"column":7702}},"11":{"start":{"line":82,"column":0},"end":{"line":82,"column":63}},"12":{"start":{"line":92,"column":0},"end":{"line":92,"column":59}},"13":{"start":{"line":102,"column":0},"end":{"line":102,"column":54}},"14":{"start":{"line":112,"column":0},"end":{"line":112,"column":62}},"15":{"start":{"line":122,"column":0},"end":{"line":122,"column":73}},"16":{"start":{"line":132,"column":0},"end":{"line":132,"column":65}},"17":{"start":{"line":142,"column":0},"end":{"line":142,"column":68}},"18":{"start":{"line":152,"column":0},"end":{"line":152,"column":34}},"19":{"start":{"line":160,"column":26},"end":{"line":160,"column":58}},"20":{"start":{"line":161,"column":0},"end":{"line":161,"column":31}},"21":{"start":{"line":162,"column":23},"end":{"line":162,"column":92}},"22":{"start":{"line":162,"column":38},"end":{"line":162,"column":91}},"23":{"start":{"line":163,"column":27},"end":{"line":163,"column":90}},"24":{"start":{"line":164,"column":0},"end":{"line":164,"column":37}}},"fnMap":{"0":{"name":"(anonymous_0)","decl":{"start":{"line":10,"column":1},"end":{"line":10,"column":2}},"loc":{"start":{"line":10,"column":7},"end":{"line":166,"column":1}},"line":10},"1":{"name":"(anonymous_1)","decl":{"start":{"line":20,"column":7},"end":{"line":20,"column":8}},"loc":{"start":{"line":20,"column":28},"end":{"line":24,"column":7}},"line":20},"2":{"name":"(anonymous_2)","decl":{"start":{"line":30,"column":7},"end":{"line":30,"column":8}},"loc":{"start":{"line":30,"column":28},"end":{"line":34,"column":7}},"line":30},"3":{"name":"(anonymous_3)","decl":{"start":{"line":40,"column":7},"end":{"line":40,"column":8}},"loc":{"start":{"line":40,"column":49},"end":{"line":44,"column":7}},"line":40},"4":{"name":"(anonymous_4)","decl":{"start":{"line":50,"column":7},"end":{"line":50,"column":8}},"loc":{"start":{"line":50,"column":66},"end":{"line":54,"column":7}},"line":50},"5":{"name":"(anonymous_5)","decl":{"start":{"line":60,"column":7},"end":{"line":60,"column":8}},"loc":{"start":{"line":60,"column":66},"end":{"line":64,"column":7}},"line":60},"6":{"name":"(anonymous_6)","decl":{"start":{"line":70,"column":7},"end":{"line":70,"column":8}},"loc":{"start":{"line":70,"column":45},"end":{"line":74,"column":7}},"line":70},"7":{"name":"(anonymous_7)","decl":{"start":{"line":80,"column":7},"end":{"line":80,"column":8}},"loc":{"start":{"line":80,"column":19},"end":{"line":84,"column":7}},"line":80},"8":{"name":"(anonymous_8)","decl":{"start":{"line":90,"column":7},"end":{"line":90,"column":8}},"loc":{"start":{"line":90,"column":19},"end":{"line":94,"column":7}},"line":90},"9":{"name":"(anonymous_9)","decl":{"start":{"line":100,"column":7},"end":{"line":100,"column":8}},"loc":{"start":{"line":100,"column":19},"end":{"line":104,"column":7}},"line":100},"10":{"name":"(anonymous_10)","decl":{"start":{"line":110,"column":7},"end":{"line":110,"column":8}},"loc":{"start":{"line":110,"column":19},"end":{"line":114,"column":7}},"line":110},"11":{"name":"(anonymous_11)","decl":{"start":{"line":120,"column":7},"end":{"line":120,"column":8}},"loc":{"start":{"line":120,"column":19},"end":{"line":124,"column":7}},"line":120},"12":{"name":"(anonymous_12)","decl":{"start":{"line":130,"column":7},"end":{"line":130,"column":8}},"loc":{"start":{"line":130,"column":19},"end":{"line":134,"column":7}},"line":130},"13":{"name":"(anonymous_13)","decl":{"start":{"line":140,"column":7},"end":{"line":140,"column":8}},"loc":{"start":{"line":140,"column":19},"end":{"line":144,"column":7}},"line":140},"14":{"name":"(anonymous_14)","decl":{"start":{"line":150,"column":7},"end":{"line":150,"column":8}},"loc":{"start":{"line":150,"column":19},"end":{"line":154,"column":7}},"line":150},"15":{"name":"(anonymous_15)","decl":{"start":{"line":162,"column":23},"end":{"line":162,"column":24}},"loc":{"start":{"line":162,"column":38},"end":{"line":162,"column":91}},"line":162}},"branchMap":{},"s":{"0":0,"1":0,"2":0,"3":0,"4":0,"5":0,"6":0,"7":0,"8":0,"9":0,"10":0,"11":0,"12":0,"13":0,"14":0,"15":0,"16":0,"17":0,"18":0,"19":0,"20":0,"21":0,"22":0,"23":0,"24":0},"f":{"0":0,"1":0,"2":0,"3":0,"4":0,"5":0,"6":0,"7":0,"8":0,"9":0,"10":0,"11":0,"12":0,"13":0,"14":0,"15":0},"b":{},"all":true},"c:\\Repos\\nextjs-sanity-tutorial\\.next\\server\\pages\\_error.js":{"path":"c:\\Repos\\nextjs-sanity-tutorial\\.next\\server\\pages\\_error.js","statementMap":{"0":{"start":{"line":10,"column":0},"end":{"line":56,"column":5}},"1":{"start":{"line":11,"column":14},"end":{"line":11,"column":16}},"2":{"start":{"line":12,"column":0},"end":{"line":12,"column":28}},"3":{"start":{"line":13,"column":0},"end":{"line":13,"column":31}},"4":{"start":{"line":14,"column":0},"end":{"line":46,"column":2}},"5":{"start":{"line":22,"column":0},"end":{"line":22,"column":13493}},"6":{"start":{"line":32,"column":0},"end":{"line":32,"column":57}},"7":{"start":{"line":42,"column":0},"end":{"line":42,"column":34}},"8":{"start":{"line":50,"column":26},"end":{"line":50,"column":58}},"9":{"start":{"line":51,"column":0},"end":{"line":51,"column":31}},"10":{"start":{"line":52,"column":23},"end":{"line":52,"column":92}},"11":{"start":{"line":52,"column":38},"end":{"line":52,"column":91}},"12":{"start":{"line":53,"column":27},"end":{"line":53,"column":87}},"13":{"start":{"line":54,"column":0},"end":{"line":54,"column":37}}},"fnMap":{"0":{"name":"(anonymous_0)","decl":{"start":{"line":10,"column":1},"end":{"line":10,"column":2}},"loc":{"start":{"line":10,"column":7},"end":{"line":56,"column":1}},"line":10},"1":{"name":"(anonymous_1)","decl":{"start":{"line":20,"column":7},"end":{"line":20,"column":8}},"loc":{"start":{"line":20,"column":66},"end":{"line":24,"column":7}},"line":20},"2":{"name":"(anonymous_2)","decl":{"start":{"line":30,"column":7},"end":{"line":30,"column":8}},"loc":{"start":{"line":30,"column":19},"end":{"line":34,"column":7}},"line":30},"3":{"name":"(anonymous_3)","decl":{"start":{"line":40,"column":7},"end":{"line":40,"column":8}},"loc":{"start":{"line":40,"column":19},"end":{"line":44,"column":7}},"line":40},"4":{"name":"(anonymous_4)","decl":{"start":{"line":52,"column":23},"end":{"line":52,"column":24}},"loc":{"start":{"line":52,"column":38},"end":{"line":52,"column":91}},"line":52}},"branchMap":{},"s":{"0":0,"1":0,"2":0,"3":0,"4":0,"5":0,"6":0,"7":0,"8":0,"9":0,"10":0,"11":0,"12":0,"13":0},"f":{"0":0,"1":0,"2":0,"3":0,"4":0},"b":{},"all":true},"c:\\Repos\\nextjs-sanity-tutorial\\.next\\server\\webpack-runtime.js":{"path":"c:\\Repos\\nextjs-sanity-tutorial\\.next\\server\\webpack-runtime.js","statementMap":{"0":{"start":{"line":9,"column":9},"end":{"line":168,"column":1}},"1":{"start":{"line":11,"column":37},"end":{"line":11,"column":39}},"2":{"start":{"line":14,"column":41},"end":{"line":14,"column":43}},"3":{"start":{"line":19,"column":30},"end":{"line":19,"column":64}},"4":{"start":{"line":20,"column":11},"end":{"line":22,"column":12}},"5":{"start":{"line":21,"column":12},"end":{"line":21,"column":40}},"6":{"start":{"line":24,"column":24},"end":{"line":28,"column":12}},"7":{"start":{"line":31,"column":23},"end":{"line":31,"column":27}},"8":{"start":{"line":32,"column":11},"end":{"line":37,"column":12}},"9":{"start":{"line":33,"column":12},"end":{"line":33,"column":87}},"10":{"start":{"line":34,"column":12},"end":{"line":34,"column":26}},"11":{"start":{"line":36,"column":12},"end":{"line":36,"column":64}},"12":{"start":{"line":36,"column":22},"end":{"line":36,"column":64}},"13":{"start":{"line":40,"column":11},"end":{"line":40,"column":33}},"14":{"start":{"line":44,"column":10},"end":{"line":44,"column":54}},"15":{"start":{"line":48,"column":10},"end":{"line":57,"column":15}},"16":{"start":{"line":50,"column":11},"end":{"line":56,"column":13}},"17":{"start":{"line":51,"column":25},"end":{"line":53,"column":27}},"18":{"start":{"line":52,"column":20},"end":{"line":52,"column":37}},"19":{"start":{"line":53,"column":20},"end":{"line":53,"column":26}},"20":{"start":{"line":54,"column":12},"end":{"line":54,"column":57}},"21":{"start":{"line":55,"column":12},"end":{"line":55,"column":26}},"22":{"start":{"line":60,"column":10},"end":{"line":69,"column":15}},"23":{"start":{"line":62,"column":11},"end":{"line":68,"column":13}},"24":{"start":{"line":63,"column":12},"end":{"line":67,"column":13}},"25":{"start":{"line":64,"column":13},"end":{"line":66,"column":14}},"26":{"start":{"line":65,"column":14},"end":{"line":65,"column":94}},"27":{"start":{"line":72,"column":10},"end":{"line":82,"column":15}},"28":{"start":{"line":73,"column":11},"end":{"line":73,"column":38}},"29":{"start":{"line":76,"column":11},"end":{"line":81,"column":13}},"30":{"start":{"line":77,"column":12},"end":{"line":80,"column":20}},"31":{"start":{"line":78,"column":13},"end":{"line":78,"column":59}},"32":{"start":{"line":79,"column":13},"end":{"line":79,"column":29}},"33":{"start":{"line":85,"column":10},"end":{"line":91,"column":15}},"34":{"start":{"line":87,"column":11},"end":{"line":90,"column":13}},"35":{"start":{"line":89,"column":12},"end":{"line":89,"column":29}},"36":{"start":{"line":94,"column":10},"end":{"line":96,"column":15}},"37":{"start":{"line":95,"column":11},"end":{"line":95,"column":99}},"38":{"start":{"line":95,"column":51},"end":{"line":95,"column":98}},"39":{"start":{"line":99,"column":10},"end":{"line":107,"column":15}},"40":{"start":{"line":101,"column":11},"end":{"line":106,"column":13}},"41":{"start":{"line":102,"column":12},"end":{"line":104,"column":13}},"42":{"start":{"line":103,"column":13},"end":{"line":103,"column":85}},"43":{"start":{"line":105,"column":12},"end":{"line":105,"column":74}},"44":{"start":{"line":110,"column":10},"end":{"line":119,"column":15}},"45":{"start":{"line":111,"column":11},"end":{"line":118,"column":12}},"46":{"start":{"line":113,"column":27},"end":{"line":113,"column":35}},"47":{"start":{"line":114,"column":12},"end":{"line":114,"column":106}},"48":{"start":{"line":114,"column":20},"end":{"line":114,"column":106}},"49":{"start":{"line":114,"column":51},"end":{"line":114,"column":104}},"50":{"start":{"line":115,"column":12},"end":{"line":115,"column":68}},"51":{"start":{"line":116,"column":20},"end":{"line":116,"column":24}},"52":{"start":{"line":117,"column":12},"end":{"line":117,"column":48}},"53":{"start":{"line":122,"column":10},"end":{"line":162,"column":15}},"54":{"start":{"line":127,"column":33},"end":{"line":129,"column":12}},"55":{"start":{"line":133,"column":30},"end":{"line":144,"column":12}},"56":{"start":{"line":134,"column":30},"end":{"line":134,"column":43}},"57":{"start":{"line":134,"column":56},"end":{"line":134,"column":65}},"58":{"start":{"line":134,"column":77},"end":{"line":134,"column":90}},"59":{"start":{"line":135,"column":12},"end":{"line":139,"column":13}},"60":{"start":{"line":136,"column":13},"end":{"line":138,"column":14}},"61":{"start":{"line":137,"column":14},"end":{"line":137,"column":70}},"62":{"start":{"line":140,"column":12},"end":{"line":140,"column":53}},"63":{"start":{"line":140,"column":24},"end":{"line":140,"column":53}},"64":{"start":{"line":141,"column":12},"end":{"line":142,"column":46}},"65":{"start":{"line":141,"column":24},"end":{"line":141,"column":25}},"66":{"start":{"line":142,"column":13},"end":{"line":142,"column":46}},"67":{"start":{"line":147,"column":11},"end":{"line":154,"column":13}},"68":{"start":{"line":149,"column":12},"end":{"line":153,"column":13}},"69":{"start":{"line":150,"column":13},"end":{"line":152,"column":49}},"70":{"start":{"line":151,"column":14},"end":{"line":151,"column":75}},"71":{"start":{"line":152,"column":20},"end":{"line":152,"column":49}},"72":{"start":{"line":156,"column":11},"end":{"line":156,"column":48}},"73":{"start":{"line":157,"column":11},"end":{"line":157,"column":48}}},"fnMap":{"0":{"name":"(anonymous_0)","decl":{"start":{"line":9,"column":10},"end":{"line":9,"column":11}},"loc":{"start":{"line":9,"column":16},"end":{"line":167,"column":10}},"line":9},"1":{"name":"__webpack_require__","decl":{"start":{"line":17,"column":19},"end":{"line":17,"column":38}},"loc":{"start":{"line":17,"column":49},"end":{"line":41,"column":11}},"line":17},"2":{"name":"(anonymous_2)","decl":{"start":{"line":48,"column":11},"end":{"line":48,"column":12}},"loc":{"start":{"line":48,"column":17},"end":{"line":57,"column":11}},"line":48},"3":{"name":"(anonymous_3)","decl":{"start":{"line":50,"column":35},"end":{"line":50,"column":36}},"loc":{"start":{"line":50,"column":47},"end":{"line":56,"column":12}},"line":50},"4":{"name":"(anonymous_4)","decl":{"start":{"line":52,"column":13},"end":{"line":52,"column":14}},"loc":{"start":{"line":52,"column":20},"end":{"line":52,"column":37}},"line":52},"5":{"name":"(anonymous_5)","decl":{"start":{"line":53,"column":13},"end":{"line":53,"column":14}},"loc":{"start":{"line":53,"column":20},"end":{"line":53,"column":26}},"line":53},"6":{"name":"(anonymous_6)","decl":{"start":{"line":60,"column":11},"end":{"line":60,"column":12}},"loc":{"start":{"line":60,"column":17},"end":{"line":69,"column":11}},"line":60},"7":{"name":"(anonymous_7)","decl":{"start":{"line":62,"column":35},"end":{"line":62,"column":36}},"loc":{"start":{"line":62,"column":60},"end":{"line":68,"column":12}},"line":62},"8":{"name":"(anonymous_8)","decl":{"start":{"line":72,"column":11},"end":{"line":72,"column":12}},"loc":{"start":{"line":72,"column":17},"end":{"line":82,"column":11}},"line":72},"9":{"name":"(anonymous_9)","decl":{"start":{"line":76,"column":35},"end":{"line":76,"column":36}},"loc":{"start":{"line":76,"column":48},"end":{"line":81,"column":12}},"line":76},"10":{"name":"(anonymous_10)","decl":{"start":{"line":77,"column":73},"end":{"line":77,"column":74}},"loc":{"start":{"line":77,"column":92},"end":{"line":80,"column":13}},"line":77},"11":{"name":"(anonymous_11)","decl":{"start":{"line":85,"column":11},"end":{"line":85,"column":12}},"loc":{"start":{"line":85,"column":17},"end":{"line":91,"column":11}},"line":85},"12":{"name":"(anonymous_12)","decl":{"start":{"line":87,"column":35},"end":{"line":87,"column":36}},"loc":{"start":{"line":87,"column":48},"end":{"line":90,"column":12}},"line":87},"13":{"name":"(anonymous_13)","decl":{"start":{"line":94,"column":11},"end":{"line":94,"column":12}},"loc":{"start":{"line":94,"column":17},"end":{"line":96,"column":11}},"line":94},"14":{"name":"(anonymous_14)","decl":{"start":{"line":95,"column":35},"end":{"line":95,"column":36}},"loc":{"start":{"line":95,"column":51},"end":{"line":95,"column":98}},"line":95},"15":{"name":"(anonymous_15)","decl":{"start":{"line":99,"column":11},"end":{"line":99,"column":12}},"loc":{"start":{"line":99,"column":17},"end":{"line":107,"column":11}},"line":99},"16":{"name":"(anonymous_16)","decl":{"start":{"line":101,"column":35},"end":{"line":101,"column":36}},"loc":{"start":{"line":101,"column":48},"end":{"line":106,"column":12}},"line":101},"17":{"name":"(anonymous_17)","decl":{"start":{"line":110,"column":11},"end":{"line":110,"column":12}},"loc":{"start":{"line":110,"column":17},"end":{"line":119,"column":11}},"line":110},"18":{"name":"(anonymous_18)","decl":{"start":{"line":111,"column":35},"end":{"line":111,"column":36}},"loc":{"start":{"line":111,"column":61},"end":{"line":118,"column":12}},"line":111},"19":{"name":"(anonymous_19)","decl":{"start":{"line":114,"column":44},"end":{"line":114,"column":45}},"loc":{"start":{"line":114,"column":51},"end":{"line":114,"column":104}},"line":114},"20":{"name":"(anonymous_20)","decl":{"start":{"line":122,"column":11},"end":{"line":122,"column":12}},"loc":{"start":{"line":122,"column":17},"end":{"line":162,"column":11}},"line":122},"21":{"name":"(anonymous_21)","decl":{"start":{"line":133,"column":30},"end":{"line":133,"column":31}},"loc":{"start":{"line":133,"column":41},"end":{"line":144,"column":12}},"line":133},"22":{"name":"(anonymous_22)","decl":{"start":{"line":147,"column":43},"end":{"line":147,"column":44}},"loc":{"start":{"line":147,"column":66},"end":{"line":154,"column":12}},"line":147}},"branchMap":{"0":{"loc":{"start":{"line":20,"column":11},"end":{"line":22,"column":12}},"type":"if","locations":[{"start":{"line":20,"column":11},"end":{"line":22,"column":12}},{"start":{"line":20,"column":11},"end":{"line":22,"column":12}}],"line":20},"1":{"loc":{"start":{"line":36,"column":12},"end":{"line":36,"column":64}},"type":"if","locations":[{"start":{"line":36,"column":12},"end":{"line":36,"column":64}},{"start":{"line":36,"column":12},"end":{"line":36,"column":64}}],"line":36},"2":{"loc":{"start":{"line":51,"column":25},"end":{"line":53,"column":27}},"type":"cond-expr","locations":[{"start":{"line":52,"column":13},"end":{"line":52,"column":38}},{"start":{"line":53,"column":13},"end":{"line":53,"column":27}}],"line":51},"3":{"loc":{"start":{"line":51,"column":25},"end":{"line":51,"column":52}},"type":"binary-expr","locations":[{"start":{"line":51,"column":25},"end":{"line":51,"column":31}},{"start":{"line":51,"column":35},"end":{"line":51,"column":52}}],"line":51},"4":{"loc":{"start":{"line":64,"column":13},"end":{"line":66,"column":14}},"type":"if","locations":[{"start":{"line":64,"column":13},"end":{"line":66,"column":14}},{"start":{"line":64,"column":13},"end":{"line":66,"column":14}}],"line":64},"5":{"loc":{"start":{"line":64,"column":16},"end":{"line":64,"column":94}},"type":"binary-expr","locations":[{"start":{"line":64,"column":16},"end":{"line":64,"column":54}},{"start":{"line":64,"column":58},"end":{"line":64,"column":94}}],"line":64},"6":{"loc":{"start":{"line":102,"column":12},"end":{"line":104,"column":13}},"type":"if","locations":[{"start":{"line":102,"column":12},"end":{"line":104,"column":13}},{"start":{"line":102,"column":12},"end":{"line":104,"column":13}}],"line":102},"7":{"loc":{"start":{"line":102,"column":15},"end":{"line":102,"column":66}},"type":"binary-expr","locations":[{"start":{"line":102,"column":15},"end":{"line":102,"column":44}},{"start":{"line":102,"column":48},"end":{"line":102,"column":66}}],"line":102},"8":{"loc":{"start":{"line":114,"column":12},"end":{"line":114,"column":106}},"type":"if","locations":[{"start":{"line":114,"column":12},"end":{"line":114,"column":106}},{"start":{"line":114,"column":12},"end":{"line":114,"column":106}}],"line":114},"9":{"loc":{"start":{"line":117,"column":19},"end":{"line":117,"column":47}},"type":"cond-expr","locations":[{"start":{"line":117,"column":37},"end":{"line":117,"column":43}},{"start":{"line":117,"column":46},"end":{"line":117,"column":47}}],"line":117},"10":{"loc":{"start":{"line":136,"column":13},"end":{"line":138,"column":14}},"type":"if","locations":[{"start":{"line":136,"column":13},"end":{"line":138,"column":14}},{"start":{"line":136,"column":13},"end":{"line":138,"column":14}}],"line":136},"11":{"loc":{"start":{"line":140,"column":12},"end":{"line":140,"column":53}},"type":"if","locations":[{"start":{"line":140,"column":12},"end":{"line":140,"column":53}},{"start":{"line":140,"column":12},"end":{"line":140,"column":53}}],"line":140},"12":{"loc":{"start":{"line":149,"column":12},"end":{"line":153,"column":13}},"type":"if","locations":[{"start":{"line":149,"column":12},"end":{"line":153,"column":13}},{"start":{"line":149,"column":12},"end":{"line":153,"column":13}}],"line":149},"13":{"loc":{"start":{"line":150,"column":13},"end":{"line":152,"column":49}},"type":"if","locations":[{"start":{"line":150,"column":13},"end":{"line":152,"column":49}},{"start":{"line":150,"column":13},"end":{"line":152,"column":49}}],"line":150}},"s":{"0":0,"1":0,"2":0,"3":0,"4":0,"5":0,"6":0,"7":0,"8":0,"9":0,"10":0,"11":0,"12":0,"13":0,"14":0,"15":0,"16":0,"17":0,"18":0,"19":0,"20":0,"21":0,"22":0,"23":0,"24":0,"25":0,"26":0,"27":0,"28":0,"29":0,"30":0,"31":0,"32":0,"33":0,"34":0,"35":0,"36":0,"37":0,"38":0,"39":0,"40":0,"41":0,"42":0,"43":0,"44":0,"45":0,"46":0,"47":0,"48":0,"49":0,"50":0,"51":0,"52":0,"53":0,"54":0,"55":0,"56":0,"57":0,"58":0,"59":0,"60":0,"61":0,"62":0,"63":0,"64":0,"65":0,"66":0,"67":0,"68":0,"69":0,"70":0,"71":0,"72":0,"73":0},"f":{"0":0,"1":0,"2":0,"3":0,"4":0,"5":0,"6":0,"7":0,"8":0,"9":0,"10":0,"11":0,"12":0,"13":0,"14":0,"15":0,"16":0,"17":0,"18":0,"19":0,"20":0,"21":0,"22":0},"b":{"0":[0,0],"1":[0,0],"2":[0,0],"3":[0,0],"4":[0,0],"5":[0,0],"6":[0,0],"7":[0,0],"8":[0,0],"9":[0,0],"10":[0,0],"11":[0,0],"12":[0,0],"13":[0,0]},"all":true},"c:\\Repos\\nextjs-sanity-tutorial\\.next\\static\\chunks\\amp.js":{"path":"c:\\Repos\\nextjs-sanity-tutorial\\.next\\static\\chunks\\amp.js","statementMap":{"0":{"start":{"line":9,"column":0},"end":{"line":693,"column":3}},"1":{"start":{"line":17,"column":0},"end":{"line":17,"column":1448}},"2":{"start":{"line":27,"column":0},"end":{"line":27,"column":1080}},"3":{"start":{"line":37,"column":0},"end":{"line":37,"column":1429}},"4":{"start":{"line":47,"column":0},"end":{"line":47,"column":1406}},"5":{"start":{"line":57,"column":0},"end":{"line":57,"column":3017}},"6":{"start":{"line":67,"column":0},"end":{"line":67,"column":1314}},"7":{"start":{"line":77,"column":0},"end":{"line":77,"column":3273}},"8":{"start":{"line":87,"column":0},"end":{"line":87,"column":2341}},"9":{"start":{"line":97,"column":0},"end":{"line":97,"column":1614}},"10":{"start":{"line":107,"column":0},"end":{"line":107,"column":1719}},"11":{"start":{"line":117,"column":0},"end":{"line":117,"column":2253}},"12":{"start":{"line":127,"column":0},"end":{"line":127,"column":1170}},"13":{"start":{"line":137,"column":0},"end":{"line":137,"column":1904}},"14":{"start":{"line":147,"column":0},"end":{"line":147,"column":1303}},"15":{"start":{"line":157,"column":0},"end":{"line":157,"column":2599}},"16":{"start":{"line":167,"column":0},"end":{"line":167,"column":1381}},"17":{"start":{"line":177,"column":0},"end":{"line":177,"column":1386}},"18":{"start":{"line":187,"column":0},"end":{"line":187,"column":2401}},"19":{"start":{"line":197,"column":0},"end":{"line":197,"column":1663}},"20":{"start":{"line":207,"column":0},"end":{"line":207,"column":2468}},"21":{"start":{"line":217,"column":0},"end":{"line":217,"column":2479}},"22":{"start":{"line":227,"column":0},"end":{"line":227,"column":2541}},"23":{"start":{"line":237,"column":0},"end":{"line":237,"column":2332}},"24":{"start":{"line":247,"column":0},"end":{"line":247,"column":4574}},"25":{"start":{"line":257,"column":0},"end":{"line":257,"column":819}},"26":{"start":{"line":268,"column":0},"end":{"line":268,"column":22526}},"27":{"start":{"line":279,"column":0},"end":{"line":279,"column":13487}},"28":{"start":{"line":290,"column":0},"end":{"line":290,"column":6658}},"29":{"start":{"line":301,"column":0},"end":{"line":301,"column":20319}},"30":{"start":{"line":312,"column":0},"end":{"line":312,"column":25281}},"31":{"start":{"line":323,"column":0},"end":{"line":323,"column":6850}},"32":{"start":{"line":334,"column":0},"end":{"line":334,"column":8021}},"33":{"start":{"line":345,"column":0},"end":{"line":345,"column":47799}},"34":{"start":{"line":356,"column":0},"end":{"line":356,"column":24885}},"35":{"start":{"line":367,"column":0},"end":{"line":367,"column":37054}},"36":{"start":{"line":378,"column":0},"end":{"line":378,"column":8736}},"37":{"start":{"line":389,"column":0},"end":{"line":389,"column":5861}},"38":{"start":{"line":400,"column":0},"end":{"line":400,"column":5981}},"39":{"start":{"line":411,"column":0},"end":{"line":411,"column":6770}},"40":{"start":{"line":422,"column":0},"end":{"line":422,"column":5912}},"41":{"start":{"line":433,"column":0},"end":{"line":433,"column":6669}},"42":{"start":{"line":444,"column":0},"end":{"line":444,"column":6151}},"43":{"start":{"line":455,"column":0},"end":{"line":455,"column":4820}},"44":{"start":{"line":466,"column":0},"end":{"line":466,"column":5871}},"45":{"start":{"line":477,"column":0},"end":{"line":477,"column":229166}},"46":{"start":{"line":488,"column":0},"end":{"line":488,"column":16125}},"47":{"start":{"line":499,"column":0},"end":{"line":499,"column":5379}},"48":{"start":{"line":510,"column":0},"end":{"line":510,"column":9067}},"49":{"start":{"line":521,"column":0},"end":{"line":521,"column":8502}},"50":{"start":{"line":532,"column":0},"end":{"line":532,"column":5020}},"51":{"start":{"line":543,"column":0},"end":{"line":543,"column":7973}},"52":{"start":{"line":554,"column":0},"end":{"line":554,"column":10904}},"53":{"start":{"line":565,"column":0},"end":{"line":565,"column":8365}},"54":{"start":{"line":576,"column":0},"end":{"line":576,"column":15059}},"55":{"start":{"line":587,"column":0},"end":{"line":587,"column":32078}},"56":{"start":{"line":598,"column":0},"end":{"line":598,"column":22303}},"57":{"start":{"line":609,"column":0},"end":{"line":609,"column":20388}},"58":{"start":{"line":620,"column":0},"end":{"line":620,"column":1021}},"59":{"start":{"line":630,"column":0},"end":{"line":630,"column":63761}},"60":{"start":{"line":641,"column":0},"end":{"line":641,"column":3319}},"61":{"start":{"line":651,"column":0},"end":{"line":651,"column":601}},"62":{"start":{"line":662,"column":0},"end":{"line":662,"column":229696}},"63":{"start":{"line":673,"column":0},"end":{"line":673,"column":907}},"64":{"start":{"line":689,"column":32},"end":{"line":689,"column":116}},"65":{"start":{"line":689,"column":53},"end":{"line":689,"column":114}},"66":{"start":{"line":690,"column":36},"end":{"line":690,"column":102}},"67":{"start":{"line":691,"column":9},"end":{"line":691,"column":36}}},"fnMap":{"0":{"name":"(anonymous_0)","decl":{"start":{"line":15,"column":7},"end":{"line":15,"column":8}},"loc":{"start":{"line":15,"column":24},"end":{"line":19,"column":7}},"line":15},"1":{"name":"(anonymous_1)","decl":{"start":{"line":25,"column":7},"end":{"line":25,"column":8}},"loc":{"start":{"line":25,"column":24},"end":{"line":29,"column":7}},"line":25},"2":{"name":"(anonymous_2)","decl":{"start":{"line":35,"column":7},"end":{"line":35,"column":8}},"loc":{"start":{"line":35,"column":71},"end":{"line":39,"column":7}},"line":35},"3":{"name":"(anonymous_3)","decl":{"start":{"line":45,"column":7},"end":{"line":45,"column":8}},"loc":{"start":{"line":45,"column":24},"end":{"line":49,"column":7}},"line":45},"4":{"name":"(anonymous_4)","decl":{"start":{"line":55,"column":7},"end":{"line":55,"column":8}},"loc":{"start":{"line":55,"column":24},"end":{"line":59,"column":7}},"line":55},"5":{"name":"(anonymous_5)","decl":{"start":{"line":65,"column":7},"end":{"line":65,"column":8}},"loc":{"start":{"line":65,"column":24},"end":{"line":69,"column":7}},"line":65},"6":{"name":"(anonymous_6)","decl":{"start":{"line":75,"column":7},"end":{"line":75,"column":8}},"loc":{"start":{"line":75,"column":71},"end":{"line":79,"column":7}},"line":75},"7":{"name":"(anonymous_7)","decl":{"start":{"line":85,"column":7},"end":{"line":85,"column":8}},"loc":{"start":{"line":85,"column":24},"end":{"line":89,"column":7}},"line":85},"8":{"name":"(anonymous_8)","decl":{"start":{"line":95,"column":7},"end":{"line":95,"column":8}},"loc":{"start":{"line":95,"column":24},"end":{"line":99,"column":7}},"line":95},"9":{"name":"(anonymous_9)","decl":{"start":{"line":105,"column":7},"end":{"line":105,"column":8}},"loc":{"start":{"line":105,"column":24},"end":{"line":109,"column":7}},"line":105},"10":{"name":"(anonymous_10)","decl":{"start":{"line":115,"column":7},"end":{"line":115,"column":8}},"loc":{"start":{"line":115,"column":71},"end":{"line":119,"column":7}},"line":115},"11":{"name":"(anonymous_11)","decl":{"start":{"line":125,"column":7},"end":{"line":125,"column":8}},"loc":{"start":{"line":125,"column":24},"end":{"line":129,"column":7}},"line":125},"12":{"name":"(anonymous_12)","decl":{"start":{"line":135,"column":7},"end":{"line":135,"column":8}},"loc":{"start":{"line":135,"column":24},"end":{"line":139,"column":7}},"line":135},"13":{"name":"(anonymous_13)","decl":{"start":{"line":145,"column":7},"end":{"line":145,"column":8}},"loc":{"start":{"line":145,"column":24},"end":{"line":149,"column":7}},"line":145},"14":{"name":"(anonymous_14)","decl":{"start":{"line":155,"column":7},"end":{"line":155,"column":8}},"loc":{"start":{"line":155,"column":24},"end":{"line":159,"column":7}},"line":155},"15":{"name":"(anonymous_15)","decl":{"start":{"line":165,"column":7},"end":{"line":165,"column":8}},"loc":{"start":{"line":165,"column":24},"end":{"line":169,"column":7}},"line":165},"16":{"name":"(anonymous_16)","decl":{"start":{"line":175,"column":7},"end":{"line":175,"column":8}},"loc":{"start":{"line":175,"column":24},"end":{"line":179,"column":7}},"line":175},"17":{"name":"(anonymous_17)","decl":{"start":{"line":185,"column":7},"end":{"line":185,"column":8}},"loc":{"start":{"line":185,"column":71},"end":{"line":189,"column":7}},"line":185},"18":{"name":"(anonymous_18)","decl":{"start":{"line":195,"column":7},"end":{"line":195,"column":8}},"loc":{"start":{"line":195,"column":24},"end":{"line":199,"column":7}},"line":195},"19":{"name":"(anonymous_19)","decl":{"start":{"line":205,"column":7},"end":{"line":205,"column":8}},"loc":{"start":{"line":205,"column":71},"end":{"line":209,"column":7}},"line":205},"20":{"name":"(anonymous_20)","decl":{"start":{"line":215,"column":7},"end":{"line":215,"column":8}},"loc":{"start":{"line":215,"column":71},"end":{"line":219,"column":7}},"line":215},"21":{"name":"(anonymous_21)","decl":{"start":{"line":225,"column":7},"end":{"line":225,"column":8}},"loc":{"start":{"line":225,"column":24},"end":{"line":229,"column":7}},"line":225},"22":{"name":"(anonymous_22)","decl":{"start":{"line":235,"column":7},"end":{"line":235,"column":8}},"loc":{"start":{"line":235,"column":71},"end":{"line":239,"column":7}},"line":235},"23":{"name":"(anonymous_23)","decl":{"start":{"line":245,"column":7},"end":{"line":245,"column":8}},"loc":{"start":{"line":245,"column":71},"end":{"line":249,"column":7}},"line":245},"24":{"name":"(anonymous_24)","decl":{"start":{"line":255,"column":7},"end":{"line":255,"column":8}},"loc":{"start":{"line":255,"column":71},"end":{"line":259,"column":7}},"line":255},"25":{"name":"(anonymous_25)","decl":{"start":{"line":265,"column":7},"end":{"line":265,"column":8}},"loc":{"start":{"line":265,"column":54},"end":{"line":270,"column":7}},"line":265},"26":{"name":"(anonymous_26)","decl":{"start":{"line":276,"column":7},"end":{"line":276,"column":8}},"loc":{"start":{"line":276,"column":33},"end":{"line":281,"column":7}},"line":276},"27":{"name":"(anonymous_27)","decl":{"start":{"line":287,"column":7},"end":{"line":287,"column":8}},"loc":{"start":{"line":287,"column":33},"end":{"line":292,"column":7}},"line":287},"28":{"name":"(anonymous_28)","decl":{"start":{"line":298,"column":7},"end":{"line":298,"column":8}},"loc":{"start":{"line":298,"column":54},"end":{"line":303,"column":7}},"line":298},"29":{"name":"(anonymous_29)","decl":{"start":{"line":309,"column":7},"end":{"line":309,"column":8}},"loc":{"start":{"line":309,"column":33},"end":{"line":314,"column":7}},"line":309},"30":{"name":"(anonymous_30)","decl":{"start":{"line":320,"column":7},"end":{"line":320,"column":8}},"loc":{"start":{"line":320,"column":33},"end":{"line":325,"column":7}},"line":320},"31":{"name":"(anonymous_31)","decl":{"start":{"line":331,"column":7},"end":{"line":331,"column":8}},"loc":{"start":{"line":331,"column":33},"end":{"line":336,"column":7}},"line":331},"32":{"name":"(anonymous_32)","decl":{"start":{"line":342,"column":7},"end":{"line":342,"column":8}},"loc":{"start":{"line":342,"column":54},"end":{"line":347,"column":7}},"line":342},"33":{"name":"(anonymous_33)","decl":{"start":{"line":353,"column":7},"end":{"line":353,"column":8}},"loc":{"start":{"line":353,"column":54},"end":{"line":358,"column":7}},"line":353},"34":{"name":"(anonymous_34)","decl":{"start":{"line":364,"column":7},"end":{"line":364,"column":8}},"loc":{"start":{"line":364,"column":54},"end":{"line":369,"column":7}},"line":364},"35":{"name":"(anonymous_35)","decl":{"start":{"line":375,"column":7},"end":{"line":375,"column":8}},"loc":{"start":{"line":375,"column":54},"end":{"line":380,"column":7}},"line":375},"36":{"name":"(anonymous_36)","decl":{"start":{"line":386,"column":7},"end":{"line":386,"column":8}},"loc":{"start":{"line":386,"column":33},"end":{"line":391,"column":7}},"line":386},"37":{"name":"(anonymous_37)","decl":{"start":{"line":397,"column":7},"end":{"line":397,"column":8}},"loc":{"start":{"line":397,"column":54},"end":{"line":402,"column":7}},"line":397},"38":{"name":"(anonymous_38)","decl":{"start":{"line":408,"column":7},"end":{"line":408,"column":8}},"loc":{"start":{"line":408,"column":33},"end":{"line":413,"column":7}},"line":408},"39":{"name":"(anonymous_39)","decl":{"start":{"line":419,"column":7},"end":{"line":419,"column":8}},"loc":{"start":{"line":419,"column":33},"end":{"line":424,"column":7}},"line":419},"40":{"name":"(anonymous_40)","decl":{"start":{"line":430,"column":7},"end":{"line":430,"column":8}},"loc":{"start":{"line":430,"column":33},"end":{"line":435,"column":7}},"line":430},"41":{"name":"(anonymous_41)","decl":{"start":{"line":441,"column":7},"end":{"line":441,"column":8}},"loc":{"start":{"line":441,"column":54},"end":{"line":446,"column":7}},"line":441},"42":{"name":"(anonymous_42)","decl":{"start":{"line":452,"column":7},"end":{"line":452,"column":8}},"loc":{"start":{"line":452,"column":33},"end":{"line":457,"column":7}},"line":452},"43":{"name":"(anonymous_43)","decl":{"start":{"line":463,"column":7},"end":{"line":463,"column":8}},"loc":{"start":{"line":463,"column":54},"end":{"line":468,"column":7}},"line":463},"44":{"name":"(anonymous_44)","decl":{"start":{"line":474,"column":7},"end":{"line":474,"column":8}},"loc":{"start":{"line":474,"column":54},"end":{"line":479,"column":7}},"line":474},"45":{"name":"(anonymous_45)","decl":{"start":{"line":485,"column":7},"end":{"line":485,"column":8}},"loc":{"start":{"line":485,"column":54},"end":{"line":490,"column":7}},"line":485},"46":{"name":"(anonymous_46)","decl":{"start":{"line":496,"column":7},"end":{"line":496,"column":8}},"loc":{"start":{"line":496,"column":33},"end":{"line":501,"column":7}},"line":496},"47":{"name":"(anonymous_47)","decl":{"start":{"line":507,"column":7},"end":{"line":507,"column":8}},"loc":{"start":{"line":507,"column":54},"end":{"line":512,"column":7}},"line":507},"48":{"name":"(anonymous_48)","decl":{"start":{"line":518,"column":7},"end":{"line":518,"column":8}},"loc":{"start":{"line":518,"column":54},"end":{"line":523,"column":7}},"line":518},"49":{"name":"(anonymous_49)","decl":{"start":{"line":529,"column":7},"end":{"line":529,"column":8}},"loc":{"start":{"line":529,"column":33},"end":{"line":534,"column":7}},"line":529},"50":{"name":"(anonymous_50)","decl":{"start":{"line":540,"column":7},"end":{"line":540,"column":8}},"loc":{"start":{"line":540,"column":54},"end":{"line":545,"column":7}},"line":540},"51":{"name":"(anonymous_51)","decl":{"start":{"line":551,"column":7},"end":{"line":551,"column":8}},"loc":{"start":{"line":551,"column":54},"end":{"line":556,"column":7}},"line":551},"52":{"name":"(anonymous_52)","decl":{"start":{"line":562,"column":7},"end":{"line":562,"column":8}},"loc":{"start":{"line":562,"column":54},"end":{"line":567,"column":7}},"line":562},"53":{"name":"(anonymous_53)","decl":{"start":{"line":573,"column":7},"end":{"line":573,"column":8}},"loc":{"start":{"line":573,"column":54},"end":{"line":578,"column":7}},"line":573},"54":{"name":"(anonymous_54)","decl":{"start":{"line":584,"column":7},"end":{"line":584,"column":8}},"loc":{"start":{"line":584,"column":54},"end":{"line":589,"column":7}},"line":584},"55":{"name":"(anonymous_55)","decl":{"start":{"line":595,"column":7},"end":{"line":595,"column":8}},"loc":{"start":{"line":595,"column":54},"end":{"line":600,"column":7}},"line":595},"56":{"name":"(anonymous_56)","decl":{"start":{"line":606,"column":7},"end":{"line":606,"column":8}},"loc":{"start":{"line":606,"column":50},"end":{"line":611,"column":7}},"line":606},"57":{"name":"(anonymous_57)","decl":{"start":{"line":617,"column":7},"end":{"line":617,"column":8}},"loc":{"start":{"line":617,"column":71},"end":{"line":622,"column":7}},"line":617},"58":{"name":"(anonymous_58)","decl":{"start":{"line":628,"column":7},"end":{"line":628,"column":8}},"loc":{"start":{"line":628,"column":24},"end":{"line":632,"column":7}},"line":628},"59":{"name":"(anonymous_59)","decl":{"start":{"line":638,"column":7},"end":{"line":638,"column":8}},"loc":{"start":{"line":638,"column":71},"end":{"line":643,"column":7}},"line":638},"60":{"name":"(anonymous_60)","decl":{"start":{"line":649,"column":7},"end":{"line":649,"column":8}},"loc":{"start":{"line":649,"column":71},"end":{"line":653,"column":7}},"line":649},"61":{"name":"(anonymous_61)","decl":{"start":{"line":659,"column":7},"end":{"line":659,"column":8}},"loc":{"start":{"line":659,"column":54},"end":{"line":664,"column":7}},"line":659},"62":{"name":"(anonymous_62)","decl":{"start":{"line":670,"column":7},"end":{"line":670,"column":8}},"loc":{"start":{"line":670,"column":71},"end":{"line":675,"column":7}},"line":670},"63":{"name":"(anonymous_63)","decl":{"start":{"line":681,"column":7},"end":{"line":681,"column":8}},"loc":{"start":{"line":681,"column":18},"end":{"line":685,"column":7}},"line":681},"64":{"name":"(anonymous_64)","decl":{"start":{"line":688,"column":9},"end":{"line":688,"column":10}},"loc":{"start":{"line":688,"column":39},"end":{"line":692,"column":10}},"line":688},"65":{"name":"(anonymous_65)","decl":{"start":{"line":689,"column":32},"end":{"line":689,"column":33}},"loc":{"start":{"line":689,"column":51},"end":{"line":689,"column":116}},"line":689}},"branchMap":{"0":{"loc":{"start":{"line":9,"column":28},"end":{"line":9,"column":58}},"type":"binary-expr","locations":[{"start":{"line":9,"column":28},"end":{"line":9,"column":52}},{"start":{"line":9,"column":56},"end":{"line":9,"column":58}}],"line":9}},"s":{"0":0,"1":0,"2":0,"3":0,"4":0,"5":0,"6":0,"7":0,"8":0,"9":0,"10":0,"11":0,"12":0,"13":0,"14":0,"15":0,"16":0,"17":0,"18":0,"19":0,"20":0,"21":0,"22":0,"23":0,"24":0,"25":0,"26":0,"27":0,"28":0,"29":0,"30":0,"31":0,"32":0,"33":0,"34":0,"35":0,"36":0,"37":0,"38":0,"39":0,"40":0,"41":0,"42":0,"43":0,"44":0,"45":0,"46":0,"47":0,"48":0,"49":0,"50":0,"51":0,"52":0,"53":0,"54":0,"55":0,"56":0,"57":0,"58":0,"59":0,"60":0,"61":0,"62":0,"63":0,"64":0,"65":0,"66":0,"67":0},"f":{"0":0,"1":0,"2":0,"3":0,"4":0,"5":0,"6":0,"7":0,"8":0,"9":0,"10":0,"11":0,"12":0,"13":0,"14":0,"15":0,"16":0,"17":0,"18":0,"19":0,"20":0,"21":0,"22":0,"23":0,"24":0,"25":0,"26":0,"27":0,"28":0,"29":0,"30":0,"31":0,"32":0,"33":0,"34":0,"35":0,"36":0,"37":0,"38":0,"39":0,"40":0,"41":0,"42":0,"43":0,"44":0,"45":0,"46":0,"47":0,"48":0,"49":0,"50":0,"51":0,"52":0,"53":0,"54":0,"55":0,"56":0,"57":0,"58":0,"59":0,"60":0,"61":0,"62":0,"63":0,"64":0,"65":0},"b":{"0":[0,0]},"all":true},"c:\\Repos\\nextjs-sanity-tutorial\\.next\\static\\chunks\\main.js":{"path":"c:\\Repos\\nextjs-sanity-tutorial\\.next\\static\\chunks\\main.js","statementMap":{"0":{"start":{"line":9,"column":0},"end":{"line":942,"column":3}},"1":{"start":{"line":17,"column":0},"end":{"line":17,"column":2696}},"2":{"start":{"line":27,"column":0},"end":{"line":27,"column":1448}},"3":{"start":{"line":37,"column":0},"end":{"line":37,"column":1080}},"4":{"start":{"line":47,"column":0},"end":{"line":47,"column":1429}},"5":{"start":{"line":57,"column":0},"end":{"line":57,"column":1406}},"6":{"start":{"line":67,"column":0},"end":{"line":67,"column":3017}},"7":{"start":{"line":77,"column":0},"end":{"line":77,"column":1314}},"8":{"start":{"line":87,"column":0},"end":{"line":87,"column":3273}},"9":{"start":{"line":97,"column":0},"end":{"line":97,"column":2341}},"10":{"start":{"line":107,"column":0},"end":{"line":107,"column":1614}},"11":{"start":{"line":117,"column":0},"end":{"line":117,"column":1719}},"12":{"start":{"line":127,"column":0},"end":{"line":127,"column":2253}},"13":{"start":{"line":137,"column":0},"end":{"line":137,"column":1170}},"14":{"start":{"line":147,"column":0},"end":{"line":147,"column":1904}},"15":{"start":{"line":157,"column":0},"end":{"line":157,"column":1303}},"16":{"start":{"line":167,"column":0},"end":{"line":167,"column":2599}},"17":{"start":{"line":177,"column":0},"end":{"line":177,"column":1381}},"18":{"start":{"line":187,"column":0},"end":{"line":187,"column":1386}},"19":{"start":{"line":197,"column":0},"end":{"line":197,"column":2401}},"20":{"start":{"line":207,"column":0},"end":{"line":207,"column":1663}},"21":{"start":{"line":217,"column":0},"end":{"line":217,"column":2468}},"22":{"start":{"line":227,"column":0},"end":{"line":227,"column":2479}},"23":{"start":{"line":237,"column":0},"end":{"line":237,"column":2541}},"24":{"start":{"line":247,"column":0},"end":{"line":247,"column":2332}},"25":{"start":{"line":257,"column":0},"end":{"line":257,"column":4574}},"26":{"start":{"line":267,"column":0},"end":{"line":267,"column":819}},"27":{"start":{"line":277,"column":0},"end":{"line":277,"column":459042}},"28":{"start":{"line":288,"column":0},"end":{"line":288,"column":24369}},"29":{"start":{"line":299,"column":0},"end":{"line":299,"column":30360}},"30":{"start":{"line":310,"column":0},"end":{"line":310,"column":42226}},"31":{"start":{"line":321,"column":0},"end":{"line":321,"column":13487}},"32":{"start":{"line":332,"column":0},"end":{"line":332,"column":6658}},"33":{"start":{"line":343,"column":0},"end":{"line":343,"column":20319}},"34":{"start":{"line":354,"column":0},"end":{"line":354,"column":12213}},"35":{"start":{"line":365,"column":0},"end":{"line":365,"column":25281}},"36":{"start":{"line":376,"column":0},"end":{"line":376,"column":132702}},"37":{"start":{"line":387,"column":0},"end":{"line":387,"column":20307}},"38":{"start":{"line":398,"column":0},"end":{"line":398,"column":6850}},"39":{"start":{"line":409,"column":0},"end":{"line":409,"column":26673}},"40":{"start":{"line":420,"column":0},"end":{"line":420,"column":11456}},"41":{"start":{"line":431,"column":0},"end":{"line":431,"column":9457}},"42":{"start":{"line":442,"column":0},"end":{"line":442,"column":8021}},"43":{"start":{"line":453,"column":0},"end":{"line":453,"column":14805}},"44":{"start":{"line":464,"column":0},"end":{"line":464,"column":47799}},"45":{"start":{"line":475,"column":0},"end":{"line":475,"column":24885}},"46":{"start":{"line":486,"column":0},"end":{"line":486,"column":37054}},"47":{"start":{"line":497,"column":0},"end":{"line":497,"column":6618}},"48":{"start":{"line":508,"column":0},"end":{"line":508,"column":10926}},"49":{"start":{"line":519,"column":0},"end":{"line":519,"column":8736}},"50":{"start":{"line":529,"column":0},"end":{"line":529,"column":8127}},"51":{"start":{"line":540,"column":0},"end":{"line":540,"column":5861}},"52":{"start":{"line":551,"column":0},"end":{"line":551,"column":5981}},"53":{"start":{"line":562,"column":0},"end":{"line":562,"column":6770}},"54":{"start":{"line":573,"column":0},"end":{"line":573,"column":6364}},"55":{"start":{"line":584,"column":0},"end":{"line":584,"column":7173}},"56":{"start":{"line":595,"column":0},"end":{"line":595,"column":5912}},"57":{"start":{"line":606,"column":0},"end":{"line":606,"column":6669}},"58":{"start":{"line":617,"column":0},"end":{"line":617,"column":6151}},"59":{"start":{"line":628,"column":0},"end":{"line":628,"column":4820}},"60":{"start":{"line":639,"column":0},"end":{"line":639,"column":5871}},"61":{"start":{"line":650,"column":0},"end":{"line":650,"column":229166}},"62":{"start":{"line":661,"column":0},"end":{"line":661,"column":16125}},"63":{"start":{"line":672,"column":0},"end":{"line":672,"column":5379}},"64":{"start":{"line":683,"column":0},"end":{"line":683,"column":9067}},"65":{"start":{"line":694,"column":0},"end":{"line":694,"column":8502}},"66":{"start":{"line":705,"column":0},"end":{"line":705,"column":5020}},"67":{"start":{"line":716,"column":0},"end":{"line":716,"column":7973}},"68":{"start":{"line":727,"column":0},"end":{"line":727,"column":10904}},"69":{"start":{"line":738,"column":0},"end":{"line":738,"column":8365}},"70":{"start":{"line":749,"column":0},"end":{"line":749,"column":15059}},"71":{"start":{"line":760,"column":0},"end":{"line":760,"column":32078}},"72":{"start":{"line":771,"column":0},"end":{"line":771,"column":5215}},"73":{"start":{"line":782,"column":0},"end":{"line":782,"column":22303}},"74":{"start":{"line":793,"column":0},"end":{"line":793,"column":20388}},"75":{"start":{"line":804,"column":0},"end":{"line":804,"column":1021}},"76":{"start":{"line":814,"column":0},"end":{"line":814,"column":63761}},"77":{"start":{"line":824,"column":0},"end":{"line":824,"column":12679}},"78":{"start":{"line":835,"column":0},"end":{"line":835,"column":3319}},"79":{"start":{"line":845,"column":0},"end":{"line":845,"column":601}},"80":{"start":{"line":856,"column":0},"end":{"line":856,"column":2646780}},"81":{"start":{"line":867,"column":0},"end":{"line":867,"column":2115}},"82":{"start":{"line":878,"column":0},"end":{"line":878,"column":3760}},"83":{"start":{"line":889,"column":0},"end":{"line":889,"column":229696}},"84":{"start":{"line":900,"column":0},"end":{"line":900,"column":907}},"85":{"start":{"line":911,"column":0},"end":{"line":911,"column":46977}},"86":{"start":{"line":922,"column":0},"end":{"line":922,"column":943}},"87":{"start":{"line":938,"column":32},"end":{"line":938,"column":116}},"88":{"start":{"line":938,"column":53},"end":{"line":938,"column":114}},"89":{"start":{"line":939,"column":36},"end":{"line":939,"column":99}},"90":{"start":{"line":940,"column":9},"end":{"line":940,"column":36}}},"fnMap":{"0":{"name":"(anonymous_0)","decl":{"start":{"line":15,"column":7},"end":{"line":15,"column":8}},"loc":{"start":{"line":15,"column":18},"end":{"line":19,"column":7}},"line":15},"1":{"name":"(anonymous_1)","decl":{"start":{"line":25,"column":7},"end":{"line":25,"column":8}},"loc":{"start":{"line":25,"column":24},"end":{"line":29,"column":7}},"line":25},"2":{"name":"(anonymous_2)","decl":{"start":{"line":35,"column":7},"end":{"line":35,"column":8}},"loc":{"start":{"line":35,"column":24},"end":{"line":39,"column":7}},"line":35},"3":{"name":"(anonymous_3)","decl":{"start":{"line":45,"column":7},"end":{"line":45,"column":8}},"loc":{"start":{"line":45,"column":71},"end":{"line":49,"column":7}},"line":45},"4":{"name":"(anonymous_4)","decl":{"start":{"line":55,"column":7},"end":{"line":55,"column":8}},"loc":{"start":{"line":55,"column":24},"end":{"line":59,"column":7}},"line":55},"5":{"name":"(anonymous_5)","decl":{"start":{"line":65,"column":7},"end":{"line":65,"column":8}},"loc":{"start":{"line":65,"column":24},"end":{"line":69,"column":7}},"line":65},"6":{"name":"(anonymous_6)","decl":{"start":{"line":75,"column":7},"end":{"line":75,"column":8}},"loc":{"start":{"line":75,"column":24},"end":{"line":79,"column":7}},"line":75},"7":{"name":"(anonymous_7)","decl":{"start":{"line":85,"column":7},"end":{"line":85,"column":8}},"loc":{"start":{"line":85,"column":71},"end":{"line":89,"column":7}},"line":85},"8":{"name":"(anonymous_8)","decl":{"start":{"line":95,"column":7},"end":{"line":95,"column":8}},"loc":{"start":{"line":95,"column":24},"end":{"line":99,"column":7}},"line":95},"9":{"name":"(anonymous_9)","decl":{"start":{"line":105,"column":7},"end":{"line":105,"column":8}},"loc":{"start":{"line":105,"column":24},"end":{"line":109,"column":7}},"line":105},"10":{"name":"(anonymous_10)","decl":{"start":{"line":115,"column":7},"end":{"line":115,"column":8}},"loc":{"start":{"line":115,"column":24},"end":{"line":119,"column":7}},"line":115},"11":{"name":"(anonymous_11)","decl":{"start":{"line":125,"column":7},"end":{"line":125,"column":8}},"loc":{"start":{"line":125,"column":71},"end":{"line":129,"column":7}},"line":125},"12":{"name":"(anonymous_12)","decl":{"start":{"line":135,"column":7},"end":{"line":135,"column":8}},"loc":{"start":{"line":135,"column":24},"end":{"line":139,"column":7}},"line":135},"13":{"name":"(anonymous_13)","decl":{"start":{"line":145,"column":7},"end":{"line":145,"column":8}},"loc":{"start":{"line":145,"column":24},"end":{"line":149,"column":7}},"line":145},"14":{"name":"(anonymous_14)","decl":{"start":{"line":155,"column":7},"end":{"line":155,"column":8}},"loc":{"start":{"line":155,"column":24},"end":{"line":159,"column":7}},"line":155},"15":{"name":"(anonymous_15)","decl":{"start":{"line":165,"column":7},"end":{"line":165,"column":8}},"loc":{"start":{"line":165,"column":24},"end":{"line":169,"column":7}},"line":165},"16":{"name":"(anonymous_16)","decl":{"start":{"line":175,"column":7},"end":{"line":175,"column":8}},"loc":{"start":{"line":175,"column":24},"end":{"line":179,"column":7}},"line":175},"17":{"name":"(anonymous_17)","decl":{"start":{"line":185,"column":7},"end":{"line":185,"column":8}},"loc":{"start":{"line":185,"column":24},"end":{"line":189,"column":7}},"line":185},"18":{"name":"(anonymous_18)","decl":{"start":{"line":195,"column":7},"end":{"line":195,"column":8}},"loc":{"start":{"line":195,"column":71},"end":{"line":199,"column":7}},"line":195},"19":{"name":"(anonymous_19)","decl":{"start":{"line":205,"column":7},"end":{"line":205,"column":8}},"loc":{"start":{"line":205,"column":24},"end":{"line":209,"column":7}},"line":205},"20":{"name":"(anonymous_20)","decl":{"start":{"line":215,"column":7},"end":{"line":215,"column":8}},"loc":{"start":{"line":215,"column":71},"end":{"line":219,"column":7}},"line":215},"21":{"name":"(anonymous_21)","decl":{"start":{"line":225,"column":7},"end":{"line":225,"column":8}},"loc":{"start":{"line":225,"column":71},"end":{"line":229,"column":7}},"line":225},"22":{"name":"(anonymous_22)","decl":{"start":{"line":235,"column":7},"end":{"line":235,"column":8}},"loc":{"start":{"line":235,"column":24},"end":{"line":239,"column":7}},"line":235},"23":{"name":"(anonymous_23)","decl":{"start":{"line":245,"column":7},"end":{"line":245,"column":8}},"loc":{"start":{"line":245,"column":71},"end":{"line":249,"column":7}},"line":245},"24":{"name":"(anonymous_24)","decl":{"start":{"line":255,"column":7},"end":{"line":255,"column":8}},"loc":{"start":{"line":255,"column":71},"end":{"line":259,"column":7}},"line":255},"25":{"name":"(anonymous_25)","decl":{"start":{"line":265,"column":7},"end":{"line":265,"column":8}},"loc":{"start":{"line":265,"column":71},"end":{"line":269,"column":7}},"line":265},"26":{"name":"(anonymous_26)","decl":{"start":{"line":275,"column":7},"end":{"line":275,"column":8}},"loc":{"start":{"line":275,"column":71},"end":{"line":279,"column":7}},"line":275},"27":{"name":"(anonymous_27)","decl":{"start":{"line":285,"column":7},"end":{"line":285,"column":8}},"loc":{"start":{"line":285,"column":54},"end":{"line":290,"column":7}},"line":285},"28":{"name":"(anonymous_28)","decl":{"start":{"line":296,"column":7},"end":{"line":296,"column":8}},"loc":{"start":{"line":296,"column":54},"end":{"line":301,"column":7}},"line":296},"29":{"name":"(anonymous_29)","decl":{"start":{"line":307,"column":7},"end":{"line":307,"column":8}},"loc":{"start":{"line":307,"column":54},"end":{"line":312,"column":7}},"line":307},"30":{"name":"(anonymous_30)","decl":{"start":{"line":318,"column":7},"end":{"line":318,"column":8}},"loc":{"start":{"line":318,"column":33},"end":{"line":323,"column":7}},"line":318},"31":{"name":"(anonymous_31)","decl":{"start":{"line":329,"column":7},"end":{"line":329,"column":8}},"loc":{"start":{"line":329,"column":33},"end":{"line":334,"column":7}},"line":329},"32":{"name":"(anonymous_32)","decl":{"start":{"line":340,"column":7},"end":{"line":340,"column":8}},"loc":{"start":{"line":340,"column":54},"end":{"line":345,"column":7}},"line":340},"33":{"name":"(anonymous_33)","decl":{"start":{"line":351,"column":7},"end":{"line":351,"column":8}},"loc":{"start":{"line":351,"column":54},"end":{"line":356,"column":7}},"line":351},"34":{"name":"(anonymous_34)","decl":{"start":{"line":362,"column":7},"end":{"line":362,"column":8}},"loc":{"start":{"line":362,"column":33},"end":{"line":367,"column":7}},"line":362},"35":{"name":"(anonymous_35)","decl":{"start":{"line":373,"column":7},"end":{"line":373,"column":8}},"loc":{"start":{"line":373,"column":54},"end":{"line":378,"column":7}},"line":373},"36":{"name":"(anonymous_36)","decl":{"start":{"line":384,"column":7},"end":{"line":384,"column":8}},"loc":{"start":{"line":384,"column":54},"end":{"line":389,"column":7}},"line":384},"37":{"name":"(anonymous_37)","decl":{"start":{"line":395,"column":7},"end":{"line":395,"column":8}},"loc":{"start":{"line":395,"column":33},"end":{"line":400,"column":7}},"line":395},"38":{"name":"(anonymous_38)","decl":{"start":{"line":406,"column":7},"end":{"line":406,"column":8}},"loc":{"start":{"line":406,"column":54},"end":{"line":411,"column":7}},"line":406},"39":{"name":"(anonymous_39)","decl":{"start":{"line":417,"column":7},"end":{"line":417,"column":8}},"loc":{"start":{"line":417,"column":54},"end":{"line":422,"column":7}},"line":417},"40":{"name":"(anonymous_40)","decl":{"start":{"line":428,"column":7},"end":{"line":428,"column":8}},"loc":{"start":{"line":428,"column":54},"end":{"line":433,"column":7}},"line":428},"41":{"name":"(anonymous_41)","decl":{"start":{"line":439,"column":7},"end":{"line":439,"column":8}},"loc":{"start":{"line":439,"column":33},"end":{"line":444,"column":7}},"line":439},"42":{"name":"(anonymous_42)","decl":{"start":{"line":450,"column":7},"end":{"line":450,"column":8}},"loc":{"start":{"line":450,"column":54},"end":{"line":455,"column":7}},"line":450},"43":{"name":"(anonymous_43)","decl":{"start":{"line":461,"column":7},"end":{"line":461,"column":8}},"loc":{"start":{"line":461,"column":54},"end":{"line":466,"column":7}},"line":461},"44":{"name":"(anonymous_44)","decl":{"start":{"line":472,"column":7},"end":{"line":472,"column":8}},"loc":{"start":{"line":472,"column":54},"end":{"line":477,"column":7}},"line":472},"45":{"name":"(anonymous_45)","decl":{"start":{"line":483,"column":7},"end":{"line":483,"column":8}},"loc":{"start":{"line":483,"column":54},"end":{"line":488,"column":7}},"line":483},"46":{"name":"(anonymous_46)","decl":{"start":{"line":494,"column":7},"end":{"line":494,"column":8}},"loc":{"start":{"line":494,"column":54},"end":{"line":499,"column":7}},"line":494},"47":{"name":"(anonymous_47)","decl":{"start":{"line":505,"column":7},"end":{"line":505,"column":8}},"loc":{"start":{"line":505,"column":54},"end":{"line":510,"column":7}},"line":505},"48":{"name":"(anonymous_48)","decl":{"start":{"line":516,"column":7},"end":{"line":516,"column":8}},"loc":{"start":{"line":516,"column":54},"end":{"line":521,"column":7}},"line":516},"49":{"name":"(anonymous_49)","decl":{"start":{"line":527,"column":7},"end":{"line":527,"column":8}},"loc":{"start":{"line":527,"column":24},"end":{"line":531,"column":7}},"line":527},"50":{"name":"(anonymous_50)","decl":{"start":{"line":537,"column":7},"end":{"line":537,"column":8}},"loc":{"start":{"line":537,"column":33},"end":{"line":542,"column":7}},"line":537},"51":{"name":"(anonymous_51)","decl":{"start":{"line":548,"column":7},"end":{"line":548,"column":8}},"loc":{"start":{"line":548,"column":54},"end":{"line":553,"column":7}},"line":548},"52":{"name":"(anonymous_52)","decl":{"start":{"line":559,"column":7},"end":{"line":559,"column":8}},"loc":{"start":{"line":559,"column":33},"end":{"line":564,"column":7}},"line":559},"53":{"name":"(anonymous_53)","decl":{"start":{"line":570,"column":7},"end":{"line":570,"column":8}},"loc":{"start":{"line":570,"column":54},"end":{"line":575,"column":7}},"line":570},"54":{"name":"(anonymous_54)","decl":{"start":{"line":581,"column":7},"end":{"line":581,"column":8}},"loc":{"start":{"line":581,"column":33},"end":{"line":586,"column":7}},"line":581},"55":{"name":"(anonymous_55)","decl":{"start":{"line":592,"column":7},"end":{"line":592,"column":8}},"loc":{"start":{"line":592,"column":33},"end":{"line":597,"column":7}},"line":592},"56":{"name":"(anonymous_56)","decl":{"start":{"line":603,"column":7},"end":{"line":603,"column":8}},"loc":{"start":{"line":603,"column":33},"end":{"line":608,"column":7}},"line":603},"57":{"name":"(anonymous_57)","decl":{"start":{"line":614,"column":7},"end":{"line":614,"column":8}},"loc":{"start":{"line":614,"column":54},"end":{"line":619,"column":7}},"line":614},"58":{"name":"(anonymous_58)","decl":{"start":{"line":625,"column":7},"end":{"line":625,"column":8}},"loc":{"start":{"line":625,"column":33},"end":{"line":630,"column":7}},"line":625},"59":{"name":"(anonymous_59)","decl":{"start":{"line":636,"column":7},"end":{"line":636,"column":8}},"loc":{"start":{"line":636,"column":54},"end":{"line":641,"column":7}},"line":636},"60":{"name":"(anonymous_60)","decl":{"start":{"line":647,"column":7},"end":{"line":647,"column":8}},"loc":{"start":{"line":647,"column":54},"end":{"line":652,"column":7}},"line":647},"61":{"name":"(anonymous_61)","decl":{"start":{"line":658,"column":7},"end":{"line":658,"column":8}},"loc":{"start":{"line":658,"column":54},"end":{"line":663,"column":7}},"line":658},"62":{"name":"(anonymous_62)","decl":{"start":{"line":669,"column":7},"end":{"line":669,"column":8}},"loc":{"start":{"line":669,"column":33},"end":{"line":674,"column":7}},"line":669},"63":{"name":"(anonymous_63)","decl":{"start":{"line":680,"column":7},"end":{"line":680,"column":8}},"loc":{"start":{"line":680,"column":54},"end":{"line":685,"column":7}},"line":680},"64":{"name":"(anonymous_64)","decl":{"start":{"line":691,"column":7},"end":{"line":691,"column":8}},"loc":{"start":{"line":691,"column":54},"end":{"line":696,"column":7}},"line":691},"65":{"name":"(anonymous_65)","decl":{"start":{"line":702,"column":7},"end":{"line":702,"column":8}},"loc":{"start":{"line":702,"column":33},"end":{"line":707,"column":7}},"line":702},"66":{"name":"(anonymous_66)","decl":{"start":{"line":713,"column":7},"end":{"line":713,"column":8}},"loc":{"start":{"line":713,"column":54},"end":{"line":718,"column":7}},"line":713},"67":{"name":"(anonymous_67)","decl":{"start":{"line":724,"column":7},"end":{"line":724,"column":8}},"loc":{"start":{"line":724,"column":54},"end":{"line":729,"column":7}},"line":724},"68":{"name":"(anonymous_68)","decl":{"start":{"line":735,"column":7},"end":{"line":735,"column":8}},"loc":{"start":{"line":735,"column":54},"end":{"line":740,"column":7}},"line":735},"69":{"name":"(anonymous_69)","decl":{"start":{"line":746,"column":7},"end":{"line":746,"column":8}},"loc":{"start":{"line":746,"column":54},"end":{"line":751,"column":7}},"line":746},"70":{"name":"(anonymous_70)","decl":{"start":{"line":757,"column":7},"end":{"line":757,"column":8}},"loc":{"start":{"line":757,"column":54},"end":{"line":762,"column":7}},"line":757},"71":{"name":"(anonymous_71)","decl":{"start":{"line":768,"column":7},"end":{"line":768,"column":8}},"loc":{"start":{"line":768,"column":33},"end":{"line":773,"column":7}},"line":768},"72":{"name":"(anonymous_72)","decl":{"start":{"line":779,"column":7},"end":{"line":779,"column":8}},"loc":{"start":{"line":779,"column":54},"end":{"line":784,"column":7}},"line":779},"73":{"name":"(anonymous_73)","decl":{"start":{"line":790,"column":7},"end":{"line":790,"column":8}},"loc":{"start":{"line":790,"column":50},"end":{"line":795,"column":7}},"line":790},"74":{"name":"(anonymous_74)","decl":{"start":{"line":801,"column":7},"end":{"line":801,"column":8}},"loc":{"start":{"line":801,"column":71},"end":{"line":806,"column":7}},"line":801},"75":{"name":"(anonymous_75)","decl":{"start":{"line":812,"column":7},"end":{"line":812,"column":8}},"loc":{"start":{"line":812,"column":24},"end":{"line":816,"column":7}},"line":812},"76":{"name":"(anonymous_76)","decl":{"start":{"line":822,"column":7},"end":{"line":822,"column":8}},"loc":{"start":{"line":822,"column":24},"end":{"line":826,"column":7}},"line":822},"77":{"name":"(anonymous_77)","decl":{"start":{"line":832,"column":7},"end":{"line":832,"column":8}},"loc":{"start":{"line":832,"column":71},"end":{"line":837,"column":7}},"line":832},"78":{"name":"(anonymous_78)","decl":{"start":{"line":843,"column":7},"end":{"line":843,"column":8}},"loc":{"start":{"line":843,"column":71},"end":{"line":847,"column":7}},"line":843},"79":{"name":"(anonymous_79)","decl":{"start":{"line":853,"column":7},"end":{"line":853,"column":8}},"loc":{"start":{"line":853,"column":71},"end":{"line":858,"column":7}},"line":853},"80":{"name":"(anonymous_80)","decl":{"start":{"line":864,"column":7},"end":{"line":864,"column":8}},"loc":{"start":{"line":864,"column":71},"end":{"line":869,"column":7}},"line":864},"81":{"name":"(anonymous_81)","decl":{"start":{"line":875,"column":7},"end":{"line":875,"column":8}},"loc":{"start":{"line":875,"column":71},"end":{"line":880,"column":7}},"line":875},"82":{"name":"(anonymous_82)","decl":{"start":{"line":886,"column":7},"end":{"line":886,"column":8}},"loc":{"start":{"line":886,"column":54},"end":{"line":891,"column":7}},"line":886},"83":{"name":"(anonymous_83)","decl":{"start":{"line":897,"column":7},"end":{"line":897,"column":8}},"loc":{"start":{"line":897,"column":71},"end":{"line":902,"column":7}},"line":897},"84":{"name":"(anonymous_84)","decl":{"start":{"line":908,"column":7},"end":{"line":908,"column":8}},"loc":{"start":{"line":908,"column":50},"end":{"line":913,"column":7}},"line":908},"85":{"name":"(anonymous_85)","decl":{"start":{"line":919,"column":7},"end":{"line":919,"column":8}},"loc":{"start":{"line":919,"column":71},"end":{"line":924,"column":7}},"line":919},"86":{"name":"(anonymous_86)","decl":{"start":{"line":930,"column":7},"end":{"line":930,"column":8}},"loc":{"start":{"line":930,"column":18},"end":{"line":934,"column":7}},"line":930},"87":{"name":"(anonymous_87)","decl":{"start":{"line":937,"column":9},"end":{"line":937,"column":10}},"loc":{"start":{"line":937,"column":39},"end":{"line":941,"column":10}},"line":937},"88":{"name":"(anonymous_88)","decl":{"start":{"line":938,"column":32},"end":{"line":938,"column":33}},"loc":{"start":{"line":938,"column":51},"end":{"line":938,"column":116}},"line":938}},"branchMap":{"0":{"loc":{"start":{"line":9,"column":28},"end":{"line":9,"column":58}},"type":"binary-expr","locations":[{"start":{"line":9,"column":28},"end":{"line":9,"column":52}},{"start":{"line":9,"column":56},"end":{"line":9,"column":58}}],"line":9}},"s":{"0":0,"1":0,"2":0,"3":0,"4":0,"5":0,"6":0,"7":0,"8":0,"9":0,"10":0,"11":0,"12":0,"13":0,"14":0,"15":0,"16":0,"17":0,"18":0,"19":0,"20":0,"21":0,"22":0,"23":0,"24":0,"25":0,"26":0,"27":0,"28":0,"29":0,"30":0,"31":0,"32":0,"33":0,"34":0,"35":0,"36":0,"37":0,"38":0,"39":0,"40":0,"41":0,"42":0,"43":0,"44":0,"45":0,"46":0,"47":0,"48":0,"49":0,"50":0,"51":0,"52":0,"53":0,"54":0,"55":0,"56":0,"57":0,"58":0,"59":0,"60":0,"61":0,"62":0,"63":0,"64":0,"65":0,"66":0,"67":0,"68":0,"69":0,"70":0,"71":0,"72":0,"73":0,"74":0,"75":0,"76":0,"77":0,"78":0,"79":0,"80":0,"81":0,"82":0,"83":0,"84":0,"85":0,"86":0,"87":0,"88":0,"89":0,"90":0},"f":{"0":0,"1":0,"2":0,"3":0,"4":0,"5":0,"6":0,"7":0,"8":0,"9":0,"10":0,"11":0,"12":0,"13":0,"14":0,"15":0,"16":0,"17":0,"18":0,"19":0,"20":0,"21":0,"22":0,"23":0,"24":0,"25":0,"26":0,"27":0,"28":0,"29":0,"30":0,"31":0,"32":0,"33":0,"34":0,"35":0,"36":0,"37":0,"38":0,"39":0,"40":0,"41":0,"42":0,"43":0,"44":0,"45":0,"46":0,"47":0,"48":0,"49":0,"50":0,"51":0,"52":0,"53":0,"54":0,"55":0,"56":0,"57":0,"58":0,"59":0,"60":0,"61":0,"62":0,"63":0,"64":0,"65":0,"66":0,"67":0,"68":0,"69":0,"70":0,"71":0,"72":0,"73":0,"74":0,"75":0,"76":0,"77":0,"78":0,"79":0,"80":0,"81":0,"82":0,"83":0,"84":0,"85":0,"86":0,"87":0,"88":0},"b":{"0":[0,0]},"all":true},"c:\\Repos\\nextjs-sanity-tutorial\\.next\\static\\chunks\\node_modules_next_dist_pages__error_js.js":{"path":"c:\\Repos\\nextjs-sanity-tutorial\\.next\\static\\chunks\\node_modules_next_dist_pages__error_js.js","statementMap":{"0":{"start":{"line":10,"column":0},"end":{"line":62,"column":4}},"1":{"start":{"line":18,"column":0},"end":{"line":18,"column":18958}},"2":{"start":{"line":28,"column":0},"end":{"line":28,"column":5882}},"3":{"start":{"line":38,"column":0},"end":{"line":38,"column":8020}},"4":{"start":{"line":48,"column":0},"end":{"line":48,"column":32204}},"5":{"start":{"line":58,"column":0},"end":{"line":58,"column":14241}}},"fnMap":{"0":{"name":"(anonymous_0)","decl":{"start":{"line":16,"column":7},"end":{"line":16,"column":8}},"loc":{"start":{"line":16,"column":54},"end":{"line":20,"column":7}},"line":16},"1":{"name":"(anonymous_1)","decl":{"start":{"line":26,"column":7},"end":{"line":26,"column":8}},"loc":{"start":{"line":26,"column":54},"end":{"line":30,"column":7}},"line":26},"2":{"name":"(anonymous_2)","decl":{"start":{"line":36,"column":7},"end":{"line":36,"column":8}},"loc":{"start":{"line":36,"column":54},"end":{"line":40,"column":7}},"line":36},"3":{"name":"(anonymous_3)","decl":{"start":{"line":46,"column":7},"end":{"line":46,"column":8}},"loc":{"start":{"line":46,"column":54},"end":{"line":50,"column":7}},"line":46},"4":{"name":"(anonymous_4)","decl":{"start":{"line":56,"column":7},"end":{"line":56,"column":8}},"loc":{"start":{"line":56,"column":54},"end":{"line":60,"column":7}},"line":56}},"branchMap":{"0":{"loc":{"start":{"line":10,"column":28},"end":{"line":10,"column":58}},"type":"binary-expr","locations":[{"start":{"line":10,"column":28},"end":{"line":10,"column":52}},{"start":{"line":10,"column":56},"end":{"line":10,"column":58}}],"line":10}},"s":{"0":0,"1":0,"2":0,"3":0,"4":0,"5":0},"f":{"0":0,"1":0,"2":0,"3":0,"4":0},"b":{"0":[0,0]},"all":true},"c:\\Repos\\nextjs-sanity-tutorial\\.next\\static\\chunks\\pages\\_app.js":{"path":"c:\\Repos\\nextjs-sanity-tutorial\\.next\\static\\chunks\\pages\\_app.js","statementMap":{"0":{"start":{"line":9,"column":0},"end":{"line":245,"column":3}},"1":{"start":{"line":18,"column":0},"end":{"line":18,"column":11391}},"2":{"start":{"line":29,"column":0},"end":{"line":29,"column":1194}},"3":{"start":{"line":40,"column":0},"end":{"line":40,"column":43140}},"4":{"start":{"line":51,"column":0},"end":{"line":51,"column":3185}},"5":{"start":{"line":62,"column":0},"end":{"line":62,"column":7924}},"6":{"start":{"line":73,"column":0},"end":{"line":73,"column":1428}},"7":{"start":{"line":84,"column":0},"end":{"line":84,"column":11627}},"8":{"start":{"line":95,"column":0},"end":{"line":95,"column":8329}},"9":{"start":{"line":105,"column":0},"end":{"line":105,"column":1468}},"10":{"start":{"line":115,"column":0},"end":{"line":115,"column":9059}},"11":{"start":{"line":126,"column":0},"end":{"line":126,"column":20690}},"12":{"start":{"line":137,"column":0},"end":{"line":137,"column":6489}},"13":{"start":{"line":148,"column":0},"end":{"line":148,"column":7939}},"14":{"start":{"line":158,"column":0},"end":{"line":158,"column":7395}},"15":{"start":{"line":169,"column":0},"end":{"line":169,"column":18581}},"16":{"start":{"line":180,"column":0},"end":{"line":180,"column":935}},"17":{"start":{"line":191,"column":0},"end":{"line":191,"column":107834}},"18":{"start":{"line":202,"column":0},"end":{"line":202,"column":1017}},"19":{"start":{"line":212,"column":0},"end":{"line":212,"column":3092}},"20":{"start":{"line":223,"column":0},"end":{"line":223,"column":76096}},"21":{"start":{"line":234,"column":0},"end":{"line":234,"column":1564}},"22":{"start":{"line":240,"column":32},"end":{"line":240,"column":116}},"23":{"start":{"line":240,"column":53},"end":{"line":240,"column":114}},"24":{"start":{"line":241,"column":9},"end":{"line":241,"column":283}},"25":{"start":{"line":241,"column":57},"end":{"line":241,"column":279}},"26":{"start":{"line":242,"column":35},"end":{"line":242,"column":58}},"27":{"start":{"line":243,"column":9},"end":{"line":243,"column":36}}},"fnMap":{"0":{"name":"(anonymous_0)","decl":{"start":{"line":15,"column":7},"end":{"line":15,"column":8}},"loc":{"start":{"line":15,"column":83},"end":{"line":20,"column":7}},"line":15},"1":{"name":"(anonymous_1)","decl":{"start":{"line":26,"column":7},"end":{"line":26,"column":8}},"loc":{"start":{"line":26,"column":83},"end":{"line":31,"column":7}},"line":26},"2":{"name":"(anonymous_2)","decl":{"start":{"line":37,"column":7},"end":{"line":37,"column":8}},"loc":{"start":{"line":37,"column":83},"end":{"line":42,"column":7}},"line":37},"3":{"name":"(anonymous_3)","decl":{"start":{"line":48,"column":7},"end":{"line":48,"column":8}},"loc":{"start":{"line":48,"column":83},"end":{"line":53,"column":7}},"line":48},"4":{"name":"(anonymous_4)","decl":{"start":{"line":59,"column":7},"end":{"line":59,"column":8}},"loc":{"start":{"line":59,"column":71},"end":{"line":64,"column":7}},"line":59},"5":{"name":"(anonymous_5)","decl":{"start":{"line":70,"column":7},"end":{"line":70,"column":8}},"loc":{"start":{"line":70,"column":71},"end":{"line":75,"column":7}},"line":70},"6":{"name":"(anonymous_6)","decl":{"start":{"line":81,"column":7},"end":{"line":81,"column":8}},"loc":{"start":{"line":81,"column":66},"end":{"line":86,"column":7}},"line":81},"7":{"name":"(anonymous_7)","decl":{"start":{"line":92,"column":7},"end":{"line":92,"column":8}},"loc":{"start":{"line":92,"column":24},"end":{"line":97,"column":7}},"line":92},"8":{"name":"(anonymous_8)","decl":{"start":{"line":103,"column":7},"end":{"line":103,"column":8}},"loc":{"start":{"line":103,"column":71},"end":{"line":107,"column":7}},"line":103},"9":{"name":"(anonymous_9)","decl":{"start":{"line":113,"column":7},"end":{"line":113,"column":8}},"loc":{"start":{"line":113,"column":71},"end":{"line":117,"column":7}},"line":113},"10":{"name":"(anonymous_10)","decl":{"start":{"line":123,"column":7},"end":{"line":123,"column":8}},"loc":{"start":{"line":123,"column":71},"end":{"line":128,"column":7}},"line":123},"11":{"name":"(anonymous_11)","decl":{"start":{"line":134,"column":7},"end":{"line":134,"column":8}},"loc":{"start":{"line":134,"column":66},"end":{"line":139,"column":7}},"line":134},"12":{"name":"(anonymous_12)","decl":{"start":{"line":145,"column":7},"end":{"line":145,"column":8}},"loc":{"start":{"line":145,"column":66},"end":{"line":150,"column":7}},"line":145},"13":{"name":"(anonymous_13)","decl":{"start":{"line":156,"column":7},"end":{"line":156,"column":8}},"loc":{"start":{"line":156,"column":24},"end":{"line":160,"column":7}},"line":156},"14":{"name":"(anonymous_14)","decl":{"start":{"line":166,"column":7},"end":{"line":166,"column":8}},"loc":{"start":{"line":166,"column":50},"end":{"line":171,"column":7}},"line":166},"15":{"name":"(anonymous_15)","decl":{"start":{"line":177,"column":7},"end":{"line":177,"column":8}},"loc":{"start":{"line":177,"column":71},"end":{"line":182,"column":7}},"line":177},"16":{"name":"(anonymous_16)","decl":{"start":{"line":188,"column":7},"end":{"line":188,"column":8}},"loc":{"start":{"line":188,"column":71},"end":{"line":193,"column":7}},"line":188},"17":{"name":"(anonymous_17)","decl":{"start":{"line":199,"column":7},"end":{"line":199,"column":8}},"loc":{"start":{"line":199,"column":71},"end":{"line":204,"column":7}},"line":199},"18":{"name":"(anonymous_18)","decl":{"start":{"line":210,"column":7},"end":{"line":210,"column":8}},"loc":{"start":{"line":210,"column":24},"end":{"line":214,"column":7}},"line":210},"19":{"name":"(anonymous_19)","decl":{"start":{"line":220,"column":7},"end":{"line":220,"column":8}},"loc":{"start":{"line":220,"column":83},"end":{"line":225,"column":7}},"line":220},"20":{"name":"(anonymous_20)","decl":{"start":{"line":231,"column":7},"end":{"line":231,"column":8}},"loc":{"start":{"line":231,"column":95},"end":{"line":236,"column":7}},"line":231},"21":{"name":"(anonymous_21)","decl":{"start":{"line":239,"column":9},"end":{"line":239,"column":10}},"loc":{"start":{"line":239,"column":39},"end":{"line":244,"column":10}},"line":239},"22":{"name":"(anonymous_22)","decl":{"start":{"line":240,"column":32},"end":{"line":240,"column":33}},"loc":{"start":{"line":240,"column":51},"end":{"line":240,"column":116}},"line":240},"23":{"name":"(anonymous_23)","decl":{"start":{"line":241,"column":44},"end":{"line":241,"column":45}},"loc":{"start":{"line":241,"column":55},"end":{"line":241,"column":281}},"line":241}},"branchMap":{"0":{"loc":{"start":{"line":9,"column":28},"end":{"line":9,"column":58}},"type":"binary-expr","locations":[{"start":{"line":9,"column":28},"end":{"line":9,"column":52}},{"start":{"line":9,"column":56},"end":{"line":9,"column":58}}],"line":9}},"s":{"0":0,"1":0,"2":0,"3":0,"4":0,"5":0,"6":0,"7":0,"8":0,"9":0,"10":0,"11":0,"12":0,"13":0,"14":0,"15":0,"16":0,"17":0,"18":0,"19":0,"20":0,"21":0,"22":0,"23":0,"24":0,"25":0,"26":0,"27":0},"f":{"0":0,"1":0,"2":0,"3":0,"4":0,"5":0,"6":0,"7":0,"8":0,"9":0,"10":0,"11":0,"12":0,"13":0,"14":0,"15":0,"16":0,"17":0,"18":0,"19":0,"20":0,"21":0,"22":0,"23":0},"b":{"0":[0,0]},"all":true},"c:\\Repos\\nextjs-sanity-tutorial\\.next\\static\\chunks\\pages\\_error.js":{"path":"c:\\Repos\\nextjs-sanity-tutorial\\.next\\static\\chunks\\pages\\_error.js","statementMap":{"0":{"start":{"line":9,"column":0},"end":{"line":83,"column":3}},"1":{"start":{"line":17,"column":0},"end":{"line":17,"column":1514}},"2":{"start":{"line":28,"column":0},"end":{"line":28,"column":18958}},"3":{"start":{"line":39,"column":0},"end":{"line":39,"column":5882}},"4":{"start":{"line":50,"column":0},"end":{"line":50,"column":8020}},"5":{"start":{"line":61,"column":0},"end":{"line":61,"column":32204}},"6":{"start":{"line":72,"column":0},"end":{"line":72,"column":14241}},"7":{"start":{"line":78,"column":32},"end":{"line":78,"column":116}},"8":{"start":{"line":78,"column":53},"end":{"line":78,"column":114}},"9":{"start":{"line":79,"column":9},"end":{"line":79,"column":237}},"10":{"start":{"line":79,"column":70},"end":{"line":79,"column":233}},"11":{"start":{"line":80,"column":35},"end":{"line":80,"column":58}},"12":{"start":{"line":81,"column":9},"end":{"line":81,"column":36}}},"fnMap":{"0":{"name":"(anonymous_0)","decl":{"start":{"line":15,"column":7},"end":{"line":15,"column":8}},"loc":{"start":{"line":15,"column":71},"end":{"line":19,"column":7}},"line":15},"1":{"name":"(anonymous_1)","decl":{"start":{"line":25,"column":7},"end":{"line":25,"column":8}},"loc":{"start":{"line":25,"column":54},"end":{"line":30,"column":7}},"line":25},"2":{"name":"(anonymous_2)","decl":{"start":{"line":36,"column":7},"end":{"line":36,"column":8}},"loc":{"start":{"line":36,"column":54},"end":{"line":41,"column":7}},"line":36},"3":{"name":"(anonymous_3)","decl":{"start":{"line":47,"column":7},"end":{"line":47,"column":8}},"loc":{"start":{"line":47,"column":54},"end":{"line":52,"column":7}},"line":47},"4":{"name":"(anonymous_4)","decl":{"start":{"line":58,"column":7},"end":{"line":58,"column":8}},"loc":{"start":{"line":58,"column":54},"end":{"line":63,"column":7}},"line":58},"5":{"name":"(anonymous_5)","decl":{"start":{"line":69,"column":7},"end":{"line":69,"column":8}},"loc":{"start":{"line":69,"column":54},"end":{"line":74,"column":7}},"line":69},"6":{"name":"(anonymous_6)","decl":{"start":{"line":77,"column":9},"end":{"line":77,"column":10}},"loc":{"start":{"line":77,"column":39},"end":{"line":82,"column":10}},"line":77},"7":{"name":"(anonymous_7)","decl":{"start":{"line":78,"column":32},"end":{"line":78,"column":33}},"loc":{"start":{"line":78,"column":51},"end":{"line":78,"column":116}},"line":78},"8":{"name":"(anonymous_8)","decl":{"start":{"line":79,"column":57},"end":{"line":79,"column":58}},"loc":{"start":{"line":79,"column":68},"end":{"line":79,"column":235}},"line":79}},"branchMap":{"0":{"loc":{"start":{"line":9,"column":28},"end":{"line":9,"column":58}},"type":"binary-expr","locations":[{"start":{"line":9,"column":28},"end":{"line":9,"column":52}},{"start":{"line":9,"column":56},"end":{"line":9,"column":58}}],"line":9}},"s":{"0":0,"1":0,"2":0,"3":0,"4":0,"5":0,"6":0,"7":0,"8":0,"9":0,"10":0,"11":0,"12":0},"f":{"0":0,"1":0,"2":0,"3":0,"4":0,"5":0,"6":0,"7":0,"8":0},"b":{"0":[0,0]},"all":true},"c:\\Repos\\nextjs-sanity-tutorial\\.next\\static\\chunks\\polyfills.js":{"path":"c:\\Repos\\nextjs-sanity-tutorial\\.next\\static\\chunks\\polyfills.js","statementMap":{"0":{"start":{"line":1,"column":0},"end":{"line":1,"co
[...]
37}},{"start":{"line":1012,"column":16},"end":{"line":1012,"column":37}}],"line":1012},"128":{"loc":{"start":{"line":1014,"column":16},"end":{"line":1016,"column":17}},"type":"if","locations":[{"start":{"line":1014,"column":16},"end":{"line":1016,"column":17}},{"start":{"line":1014,"column":16},"end":{"line":1016,"column":17}}],"line":1014},"129":{"loc":{"start":{"line":1023,"column":15},"end":{"line":1034,"column":16}},"type":"if","locations":[{"start":{"line":1023,"column":15},"end":{"line":1034,"column":16}},{"start":{"line":1023,"column":15},"end":{"line":1034,"column":16}}],"line":1023},"130":{"loc":{"start":{"line":1025,"column":16},"end":{"line":1033,"column":17}},"type":"if","locations":[{"start":{"line":1025,"column":16},"end":{"line":1033,"column":17}},{"start":{"line":1025,"column":16},"end":{"line":1033,"column":17}}],"line":1025},"131":{"loc":{"start":{"line":1031,"column":18},"end":{"line":1031,"column":63}},"type":"if","locations":[{"start":{"line":1031,"column":18},"end":{"line":1031,"column":63}},{"start":{"line":1031,"column":18},"end":{"line":1031,"column":63}}],"line":1031},"132":{"loc":{"start":{"line":1040,"column":15},"end":{"line":1042,"column":16}},"type":"if","locations":[{"start":{"line":1040,"column":15},"end":{"line":1042,"column":16}},{"start":{"line":1040,"column":15},"end":{"line":1042,"column":16}}],"line":1040},"133":{"loc":{"start":{"line":1052,"column":15},"end":{"line":1114,"column":16}},"type":"if","locations":[{"start":{"line":1052,"column":15},"end":{"line":1114,"column":16}},{"start":{"line":1052,"column":15},"end":{"line":1114,"column":16}}],"line":1052},"134":{"loc":{"start":{"line":1054,"column":16},"end":{"line":1113,"column":17}},"type":"if","locations":[{"start":{"line":1054,"column":16},"end":{"line":1113,"column":17}},{"start":{"line":1054,"column":16},"end":{"line":1113,"column":17}}],"line":1054},"135":{"loc":{"start":{"line":1066,"column":18},"end":{"line":1071,"column":19}},"type":"if","locations":[{"start":{"line":1066,"column":18},"end":{"line":1071,"column":19}},{"start":{"line":1066,"column":18},"end":{"line":1071,"column":19}}],"line":1066},"136":{"loc":{"start":{"line":1067,"column":19},"end":{"line":1067,"column":74}},"type":"if","locations":[{"start":{"line":1067,"column":19},"end":{"line":1067,"column":74}},{"start":{"line":1067,"column":19},"end":{"line":1067,"column":74}}],"line":1067},"137":{"loc":{"start":{"line":1077,"column":19},"end":{"line":1110,"column":20}},"type":"if","locations":[{"start":{"line":1077,"column":19},"end":{"line":1110,"column":20}},{"start":{"line":1077,"column":19},"end":{"line":1110,"column":20}}],"line":1077},"138":{"loc":{"start":{"line":1084,"column":21},"end":{"line":1092,"column":22}},"type":"if","locations":[{"start":{"line":1084,"column":21},"end":{"line":1092,"column":22}},{"start":{"line":1084,"column":21},"end":{"line":1092,"column":22}}],"line":1084},"139":{"loc":{"start":{"line":1093,"column":21},"end":{"line":1096,"column":22}},"type":"if","locations":[{"start":{"line":1093,"column":21},"end":{"line":1096,"column":22}},{"start":{"line":1093,"column":21},"end":{"line":1096,"column":22}}],"line":1093},"140":{"loc":{"start":{"line":1099,"column":20},"end":{"line":1106,"column":21}},"type":"if","locations":[{"start":{"line":1099,"column":20},"end":{"line":1106,"column":21}},{"start":{"line":1099,"column":20},"end":{"line":1106,"column":21}}],"line":1099},"141":{"loc":{"start":{"line":1107,"column":20},"end":{"line":1109,"column":21}},"type":"if","locations":[{"start":{"line":1107,"column":20},"end":{"line":1109,"column":21}},{"start":{"line":1107,"column":20},"end":{"line":1109,"column":21}}],"line":1107},"142":{"loc":{"start":{"line":1124,"column":16},"end":{"line":1155,"column":17}},"type":"if","locations":[{"start":{"line":1124,"column":16},"end":{"line":1155,"column":17}},{"start":{"line":1124,"column":16},"end":{"line":1155,"column":17}}],"line":1124},"143":{"loc":{"start":{"line":1131,"column":18},"end":{"line":1138,"column":19}},"type":"if","locations":[{"start":{"line":1131,"column":18},"end":{"line":1138,"column":19}},{"start":{"line":1131,"column":18},"end":{"line":1138,"column":19}}],"line":1131},"144":{"loc":{"start":{"line":1139,"column":18},"end":{"line":1142,"column":19}},"type":"if","locations":[{"start":{"line":1139,"column":18},"end":{"line":1142,"column":19}},{"start":{"line":1139,"column":18},"end":{"line":1142,"column":19}}],"line":1139},"145":{"loc":{"start":{"line":1145,"column":17},"end":{"line":1151,"column":18}},"type":"if","locations":[{"start":{"line":1145,"column":17},"end":{"line":1151,"column":18}},{"start":{"line":1145,"column":17},"end":{"line":1151,"column":18}}],"line":1145},"146":{"loc":{"start":{"line":1152,"column":17},"end":{"line":1154,"column":18}},"type":"if","locations":[{"start":{"line":1152,"column":17},"end":{"line":1154,"column":18}},{"start":{"line":1152,"column":17},"end":{"line":1154,"column":18}}],"line":1152},"147":{"loc":{"start":{"line":1164,"column":12},"end":{"line":1169,"column":13}},"type":"if","locations":[{"start":{"line":1164,"column":12},"end":{"line":1169,"column":13}},{"start":{"line":1164,"column":12},"end":{"line":1169,"column":13}}],"line":1164},"148":{"loc":{"start":{"line":1170,"column":12},"end":{"line":1172,"column":13}},"type":"if","locations":[{"start":{"line":1170,"column":12},"end":{"line":1172,"column":13}},{"start":{"line":1170,"column":12},"end":{"line":1172,"column":13}}],"line":1170},"149":{"loc":{"start":{"line":1191,"column":13},"end":{"line":1199,"column":14}},"type":"if","locations":[{"start":{"line":1191,"column":13},"end":{"line":1199,"column":14}},{"start":{"line":1191,"column":13},"end":{"line":1199,"column":14}}],"line":1191},"150":{"loc":{"start":{"line":1192,"column":14},"end":{"line":1193,"column":52}},"type":"binary-expr","locations":[{"start":{"line":1192,"column":14},"end":{"line":1192,"column":61}},{"start":{"line":1193,"column":14},"end":{"line":1193,"column":52}}],"line":1192},"151":{"loc":{"start":{"line":1201,"column":12},"end":{"line":1212,"column":13}},"type":"if","locations":[{"start":{"line":1201,"column":12},"end":{"line":1212,"column":13}},{"start":{"line":1201,"column":12},"end":{"line":1212,"column":13}}],"line":1201},"152":{"loc":{"start":{"line":1203,"column":14},"end":{"line":1210,"column":15}},"type":"if","locations":[{"start":{"line":1203,"column":14},"end":{"line":1210,"column":15}},{"start":{"line":1203,"column":14},"end":{"line":1210,"column":15}}],"line":1203},"153":{"loc":{"start":{"line":1204,"column":15},"end":{"line":1206,"column":44}},"type":"binary-expr","locations":[{"start":{"line":1204,"column":15},"end":{"line":1204,"column":34}},{"start":{"line":1205,"column":15},"end":{"line":1205,"column":66}},{"start":{"line":1206,"column":15},"end":{"line":1206,"column":44}}],"line":1204},"154":{"loc":{"start":{"line":1216,"column":12},"end":{"line":1216,"column":100}},"type":"if","locations":[{"start":{"line":1216,"column":12},"end":{"line":1216,"column":100}},{"start":{"line":1216,"column":12},"end":{"line":1216,"column":100}}],"line":1216},"155":{"loc":{"start":{"line":1218,"column":13},"end":{"line":1218,"column":48}},"type":"if","locations":[{"start":{"line":1218,"column":13},"end":{"line":1218,"column":48}},{"start":{"line":1218,"column":13},"end":{"line":1218,"column":48}}],"line":1218},"156":{"loc":{"start":{"line":1219,"column":13},"end":{"line":1219,"column":104}},"type":"if","locations":[{"start":{"line":1219,"column":13},"end":{"line":1219,"column":104}},{"start":{"line":1219,"column":13},"end":{"line":1219,"column":104}}],"line":1219},"157":{"loc":{"start":{"line":1234,"column":12},"end":{"line":1241,"column":13}},"type":"if","locations":[{"start":{"line":1234,"column":12},"end":{"line":1241,"column":13}},{"start":{"line":1234,"column":12},"end":{"line":1241,"column":13}}],"line":1234},"158":{"loc":{"start":{"line":1236,"column":14},"end":{"line":1238,"column":15}},"type":"if","locations":[{"start":{"line":1236,"column":14},"end":{"line":1238,"column":15}},{"start":{"line":1236,"column":14},"end":{"line":1238,"column":15}}],"line":1236},"159":{"loc":{"start":{"line":1240,"column":13},"end":{"line":1240,"column":67}},"type":"if","locations":[{"start":{"line":1240,"column":13},"end":{"line":1240,"column":67}},{"start":{"line":1240,"column":13},"end":{"line":1240,"column":67}}],"line":1240},"160":{"loc":{"start":{"line":1242,"column":12},"end":{"line":1242,"column":76}},"type":"if","locations":[{"start":{"line":1242,"column":12},"end":{"line":1242,"column":76}},{"start":{"line":1242,"column":12},"end":{"line":1242,"column":76}}],"line":1242},"161":{"loc":{"start":{"line":1245,"column":13},"end":{"line":1247,"column":14}},"type":"if","locations":[{"start":{"line":1245,"column":13},"end":{"line":1247,"column":14}},{"start":{"line":1245,"column":13},"end":{"line":1247,"column":14}}],"line":1245},"162":{"loc":{"start":{"line":1245,"column":16},"end":{"line":1245,"column":91}},"type":"binary-expr","locations":[{"start":{"line":1245,"column":16},"end":{"line":1245,"column":63}},{"start":{"line":1245,"column":67},"end":{"line":1245,"column":91}}],"line":1245},"163":{"loc":{"start":{"line":1253,"column":63},"end":{"line":1253,"column":93}},"type":"binary-expr","locations":[{"start":{"line":1253,"column":63},"end":{"line":1253,"column":87}},{"start":{"line":1253,"column":91},"end":{"line":1253,"column":93}}],"line":1253}},"s":{"0":0,"1":0,"2":0,"3":0,"4":0,"5":0,"6":0,"7":0,"8":0,"9":0,"10":0,"11":0,"12":0,"13":0,"14":0,"15":0,"16":0,"17":0,"18":0,"19":0,"20":0,"21":0,"22":0,"23":0,"24":0,"25":0,"26":0,"27":0,"28":0,"29":0,"30":0,"31":0,"32":0,"33":0,"34":0,"35":0,"36":0,"37":0,"38":0,"39":0,"40":0,"41":0,"42":0,"43":0,"44":0,"45":0,"46":0,"47":0,"48":0,"49":0,"50":0,"51":0,"52":0,"53":0,"54":0,"55":0,"56":0,"57":0,"58":0,"59":0,"60":0,"61":0,"62":0,"63":0,"64":0,"65":0,"66":0,"67":0,"68":0,"69":0,"70":0,"71":0,"72":0,"73":0,"74":0,"75":0,"76":0,"77":0,"78":0,"79":0,"80":0,"81":0,"82":0,"83":0,"84":0,"85":0,"86":0,"87":0,"88":0,"89":0,"90":0,"91":0,"92":0,"93":0,"94":0,"95":0,"96":0,"97":0,"98":0,"99":0,"100":0,"101":0,"102":0,"103":0,"104":0,"105":0,"106":0,"107":0,"108":0,"109":0,"110":0,"111":0,"112":0,"113":0,"114":0,"115":0,"116":0,"117":0,"118":0,"119":0,"120":0,"121":0,"122":0,"123":0,"124":0,"125":0,"126":0,"127":0,"128":0,"129":0,"130":0,"131":0,"132":0,"133":0,"134":0,"135":0,"136":0,"137":0,"138":0,"139":0,"140":0,"141":0,"142":0,"143":0,"144":0,"145":0,"146":0,"147":0,"148":0,"149":0,"150":0,"151":0,"152":0,"153":0,"154":0,"155":0,"156":0,"157":0,"158":0,"159":0,"160":0,"161":0,"162":0,"163":0,"164":0,"165":0,"166":0,"167":0,"168":0,"169":0,"170":0,"171":0,"172":0,"173":0,"174":0,"175":0,"176":0,"177":0,"178":0,"179":0,"180":0,"181":0,"182":0,"183":0,"184":0,"185":0,"186":0,"187":0,"188":0,"189":0,"190":0,"191":0,"192":0,"193":0,"194":0,"195":0,"196":0,"197":0,"198":0,"199":0,"200":0,"201":0,"202":0,"203":0,"204":0,"205":0,"206":0,"207":0,"208":0,"209":0,"210":0,"211":0,"212":0,"213":0,"214":0,"215":0,"216":0,"217":0,"218":0,"219":0,"220":0,"221":0,"222":0,"223":0,"224":0,"225":0,"226":0,"227":0,"228":0,"229":0,"230":0,"231":0,"232":0,"233":0,"234":0,"235":0,"236":0,"237":0,"238":0,"239":0,"240":0,"241":0,"242":0,"243":0,"244":0,"245":0,"246":0,"247":0,"248":0,"249":0,"250":0,"251":0,"252":0,"253":0,"254":0,"255":0,"256":0,"257":0,"258":0,"259":0,"260":0,"261":0,"262":0,"263":0,"264":0,"265":0,"266":0,"267":0,"268":0,"269":0,"270":0,"271":0,"272":0,"273":0,"274":0,"275":0,"276":0,"277":0,"278":0,"279":0,"280":0,"281":0,"282":0,"283":0,"284":0,"285":0,"286":0,"287":0,"288":0,"289":0,"290":0,"291":0,"292":0,"293":0,"294":0,"295":0,"296":0,"297":0,"298":0,"299":0,"300":0,"301":0,"302":0,"303":0,"304":0,"305":0,"306":0,"307":0,"308":0,"309":0,"310":0,"311":0,"312":0,"313":0,"314":0,"315":0,"316":0,"317":0,"318":0,"319":0,"320":0,"321":0,"322":0,"323":0,"324":0,"325":0,"326":0,"327":0,"328":0,"329":0,"330":0,"331":0,"332":0,"333":0,"334":0,"335":0,"336":0,"337":0,"338":0,"339":0,"340":0,"341":0,"342":0,"343":0,"344":0,"345":0,"346":0,"347":0,"348":0,"349":0,"350":0,"351":0,"352":0,"353":0,"354":0,"355":0,"356":0,"357":0,"358":0,"359":0,"360":0,"361":0,"362":0,"363":0,"364":0,"365":0,"366":0,"367":0,"368":0,"369":0,"370":0,"371":0,"372":0,"373":0,"374":0,"375":0,"376":0,"377":0,"378":0,"379":0,"380":0,"381":0,"382":0,"383":0,"384":0,"385":0,"386":0,"387":0,"388":0,"389":0,"390":0,"391":0,"392":0,"393":0,"394":0,"395":0,"396":0,"397":0,"398":0,"399":0,"400":0,"401":0,"402":0,"403":0,"404":0,"405":0,"406":0,"407":0,"408":0,"409":0,"410":0,"411":0,"412":0,"413":0,"414":0,"415":0,"416":0,"417":0,"418":0,"419":0,"420":0,"421":0,"422":0,"423":0,"424":0,"425":0,"426":0,"427":0,"428":0,"429":0,"430":0,"431":0,"432":0,"433":0,"434":0,"435":0,"436":0,"437":0,"438":0,"439":0,"440":0,"441":0,"442":0,"443":0,"444":0,"445":0,"446":0,"447":0,"448":0,"449":0,"450":0,"451":0,"452":0,"453":0,"454":0,"455":0,"456":0,"457":0,"458":0,"459":0,"460":0,"461":0,"462":0,"463":0,"464":0,"465":0,"466":0,"467":0,"468":0,"469":0,"470":0,"471":0,"472":0,"473":0,"474":0,"475":0,"476":0,"477":0,"478":0,"479":0,"480":0,"481":0,"482":0,"483":0,"484":0,"485":0,"486":0,"487":0,"488":0,"489":0,"490":0,"491":0,"492":0,"493":0,"494":0,"495":0,"496":0,"497":0,"498":0,"499":0,"500":0,"501":0,"502":0,"503":0,"504":0,"505":0,"506":0,"507":0,"508":0,"509":0,"510":0,"511":0,"512":0,"513":0,"514":0,"515":0,"516":0,"517":0,"518":0,"519":0,"520":0,"521":0,"522":0,"523":0,"524":0,"525":0,"526":0,"527":0,"528":0,"529":0,"530":0,"531":0,"532":0,"533":0,"534":0,"535":0,"536":0,"537":0,"538":0,"539":0,"540":0,"541":0,"542":0,"543":0,"544":0,"545":0,"546":0,"547":0,"548":0,"549":0,"550":0,"551":0,"552":0,"553":0,"554":0,"555":0,"556":0,"557":0,"558":0,"559":0,"560":0,"561":0,"562":0,"563":0,"564":0,"565":0,"566":0,"567":0,"568":0,"569":0,"570":0,"571":0,"572":0,"573":0,"574":0,"575":0,"576":0,"577":0,"578":0,"579":0,"580":0,"581":0,"582":0,"583":0,"584":0,"585":0,"586":0,"587":0,"588":0,"589":0,"590":0,"591":0,"592":0,"593":0,"594":0,"595":0,"596":0,"597":0,"598":0,"599":0,"600":0,"601":0,"602":0,"603":0,"604":0,"605":0,"606":0,"607":0,"608":0,"609":0,"610":0,"611":0,"612":0,"613":0,"614":0,"615":0,"616":0,"617":0,"618":0,"619":0,"620":0,"621":0,"622":0,"623":0,"624":0,"625":0,"626":0,"627":0,"628":0,"629":0,"630":0,"631":0,"632":0,"633":0,"634":0,"635":0,"636":0,"637":0,"638":0,"639":0,"640":0,"641":0,"642":0,"643":0,"644":0,"645":0,"646":0,"647":0,"648":0,"649":0,"650":0,"651":0,"652":0,"653":0,"654":0,"655":0,"656":0,"657":0,"658":0,"659":0,"660":0,"661":0,"662":0,"663":0,"664":0,"665":0,"666":0,"667":0},"f":{"0":0,"1":0,"2":0,"3":0,"4":0,"5":0,"6":0,"7":0,"8":0,"9":0,"10":0,"11":0,"12":0,"13":0,"14":0,"15":0,"16":0,"17":0,"18":0,"19":0,"20":0,"21":0,"22":0,"23":0,"24":0,"25":0,"26":0,"27":0,"28":0,"29":0,"30":0,"31":0,"32":0,"33":0,"34":0,"35":0,"36":0,"37":0,"38":0,"39":0,"40":0,"41":0,"42":0,"43":0,"44":0,"45":0,"46":0,"47":0,"48":0,"49":0,"50":0,"51":0,"52":0,"53":0,"54":0,"55":0,"56":0,"57":0,"58":0,"59":0,"60":0,"61":0,"62":0,"63":0,"64":0,"65":0,"66":0,"67":0,"68":0,"69":0,"70":0,"71":0,"72":0,"73":0,"74":0,"75":0,"76":0,"77":0,"78":0,"79":0,"80":0,"81":0,"82":0,"83":0,"84":0,"85":0,"86":0,"87":0,"88":0,"89":0,"90":0,"91":0,"92":0,"93":0,"94":0,"95":0,"96":0,"97":0,"98":0,"99":0,"100":0,"101":0,"102":0,"103":0,"104":0,"105":0,"106":0,"107":0,"108":0,"109":0,"110":0,"111":0,"112":0,"113":0,"114":0,"115":0,"116":0,"117":0,"118":0,"119":0,"120":0,"121":0,"122":0,"123":0,"124":0},"b":{"0":[0,0],"1":[0,0],"2":[0,0],"3":[0,0],"4":[0,0],"5":[0,0],"6":[0,0],"7":[0,0,0],"8":[0,0],"9":[0,0],"10":[0,0],"11":[0,0],"12":[0,0],"13":[0,0],"14":[0,0],"15":[0,0],"16":[0,0],"17":[0,0],"18":[0,0],"19":[0,0],"20":[0,0],"21":[0,0],"22":[0,0],"23":[0,0],"24":[0,0],"25":[0,0],"26":[0,0],"27":[0,0],"28":[0,0],"29":[0,0],"30":[0,0],"31":[0,0],"32":[0,0],"33":[0,0],"34":[0,0],"35":[0,0],"36":[0,0],"37":[0,0],"38":[0,0],"39":[0,0],"40":[0,0],"41":[0,0],"42":[0,0],"43":[0,0],"44":[0,0],"45":[0,0],"46":[0,0],"47":[0,0],"48":[0,0],"49":[0,0,0,0,0,0,0],"50":[0,0],"51":[0,0],"52":[0,0],"53":[0,0],"54":[0,0],"55":[0,0,0],"56":[0,0],"57":[0,0],"58":[0,0],"59":[0,0],"60":[0,0],"61":[0,0],"62":[0,0],"63":[0,0],"64":[0,0],"65":[0,0],"66":[0,0],"67":[0,0],"68":[0,0],"69":[0,0],"70":[0,0],"71":[0,0],"72":[0,0],"73":[0,0],"74":[0,0],"75":[0,0],"76":[0,0],"77":[0,0],"78":[0,0],"79":[0,0],"80":[0,0],"81":[0,0],"82":[0,0],"83":[0,0],"84":[0,0],"85":[0,0],"86":[0,0],"87":[0,0,0],"88":[0,0],"89":[0,0],"90":[0,0],"91":[0,0,0],"92":[0,0],"93":[0,0],"94":[0,0],"95":[0,0],"96":[0,0],"97":[0,0],"98":[0,0,0],"99":[0,0],"100":[0,0],"101":[0,0],"102":[0,0],"103":[0,0],"104":[0,0],"105":[0,0],"106":[0,0],"107":[0,0],"108":[0,0],"109":[0,0],"110":[0,0,0,0,0,0],"111":[0,0],"112":[0,0],"113":[0,0],"114":[0,0],"115":[0,0],"116":[0,0],"117":[0,0],"118":[0,0],"119":[0,0],"120":[0,0],"121":[0,0],"122":[0,0],"123":[0,0],"124":[0,0],"125":[0,0,0,0,0],"126":[0,0],"127":[0,0],"128":[0,0],"129":[0,0],"130":[0,0],"131":[0,0],"132":[0,0],"133":[0,0],"134":[0,0],"135":[0,0],"136":[0,0],"137":[0,0],"138":[0,0],"139":[0,0],"140":[0,0],"141":[0,0],"142":[0,0],"143":[0,0],"144":[0,0],"145":[0,0],"146":[0,0],"147":[0,0],"148":[0,0],"149":[0,0],"150":[0,0],"151":[0,0],"152":[0,0],"153":[0,0,0],"154":[0,0],"155":[0,0],"156":[0,0],"157":[0,0],"158":[0,0],"159":[0,0],"160":[0,0],"161":[0,0],"162":[0,0],"163":[0,0]},"all":true},"c:\\Repos\\nextjs-sanity-tutorial\\.next\\static\\development\\_buildManifest.js":{"path":"c:\\Repos\\nextjs-sanity-tutorial\\.next\\static\\development\\_buildManifest.js","statementMap":{"0":{"start":{"line":1,"column":0},"end":{"line":1,"column":181}},"1":{"start":{"line":1,"column":181},"end":{"line":1,"column":235}}},"fnMap":{},"branchMap":{"0":{"loc":{"start":{"line":1,"column":181},"end":{"line":1,"column":235}},"type":"binary-expr","locations":[{"start":{"line":1,"column":181},"end":{"line":1,"column":205}},{"start":{"line":1,"column":209},"end":{"line":1,"column":235}}],"line":1}},"s":{"0":0,"1":0},"f":{},"b":{"0":[0,0]},"all":true},"c:\\Repos\\nextjs-sanity-tutorial\\.next\\static\\development\\_middlewareManifest.js":{"path":"c:\\Repos\\nextjs-sanity-tutorial\\.next\\static\\development\\_middlewareManifest.js","statementMap":{"0":{"start":{"line":1,"column":0},"end":{"line":1,"column":30}},"1":{"start":{"line":1,"column":30},"end":{"line":1,"column":92}}},"fnMap":{},"branchMap":{"0":{"loc":{"start":{"line":1,"column":30},"end":{"line":1,"column":92}},"type":"binary-expr","locations":[{"start":{"line":1,"column":30},"end":{"line":1,"column":59}},{"start":{"line":1,"column":61},"end":{"line":1,"column":92}}],"line":1}},"s":{"0":0,"1":0},"f":{},"b":{"0":[0,0]},"all":true},"c:\\Repos\\nextjs-sanity-tutorial\\.next\\static\\development\\_ssgManifest.js":{"path":"c:\\Repos\\nextjs-sanity-tutorial\\.next\\static\\development\\_ssgManifest.js","statementMap":{"0":{"start":{"line":1,"column":0},"end":{"line":1,"column":28}},"1":{"start":{"line":1,"column":28},"end":{"line":1,"column":76}}},"fnMap":{},"branchMap":{"0":{"loc":{"start":{"line":1,"column":28},"end":{"line":1,"column":76}},"type":"binary-expr","locations":[{"start":{"line":1,"column":28},"end":{"line":1,"column":50}},{"start":{"line":1,"column":52},"end":{"line":1,"column":76}}],"line":1}},"s":{"0":0,"1":0},"f":{},"b":{"0":[0,0]},"all":true},"c:\\Repos\\nextjs-sanity-tutorial\\Constants\\paths.ts":{"path":"c:\\Repos\\nextjs-sanity-tutorial\\Constants\\paths.ts","statementMap":{"0":{"start":{"line":1,"column":29},"end":{"line":5,"column":1}}},"fnMap":{},"branchMap":{},"s":{"0":0},"f":{},"b":{},"all":true},"c:\\Repos\\nextjs-sanity-tutorial\\next.config.js":{"path":"c:\\Repos\\nextjs-sanity-tutorial\\next.config.js","statementMap":{"0":{"start":{"line":2,"column":19},"end":{"line":4,"column":1}},"1":{"start":{"line":6,"column":0},"end":{"line":6,"column":27}}},"fnMap":{},"branchMap":{},"s":{"0":0,"1":0},"f":{},"b":{},"all":true}}